Release 14.7 - xst P.20131013 (nt64)
Copyright (c) 1995-2013 Xilinx, Inc.  All rights reserved.
--> Parameter TMPDIR set to xst/projnav.tmp


Total REAL time to Xst completion: 0.00 secs
Total CPU time to Xst completion: 0.11 secs
 
--> Parameter xsthdpdir set to xst


Total REAL time to Xst completion: 0.00 secs
Total CPU time to Xst completion: 0.11 secs
 
--> Reading design: PINTA_BARRAS.prj

TABLE OF CONTENTS
  1) Synthesis Options Summary
  2) HDL Parsing
  3) HDL Elaboration
  4) HDL Synthesis
       4.1) HDL Synthesis Report
  5) Advanced HDL Synthesis
       5.1) Advanced HDL Synthesis Report
  6) Low Level Synthesis
  7) Partition Report
  8) Design Summary
       8.1) Primitive and Black Box Usage
       8.2) Device utilization summary
       8.3) Partition Resource Summary
       8.4) Timing Report
            8.4.1) Clock Information
            8.4.2) Asynchronous Control Signals Information
            8.4.3) Timing Summary
            8.4.4) Timing Details
            8.4.5) Cross Clock Domains Report


=========================================================================
*                      Synthesis Options Summary                        *
=========================================================================
---- Source Parameters
Input File Name                    : "PINTA_BARRAS.prj"
Ignore Synthesis Constraint File   : NO

---- Target Parameters
Output File Name                   : "PINTA_BARRAS"
Output Format                      : NGC
Target Device                      : xc6slx9-2-csg324

---- Source Options
Top Module Name                    : PINTA_BARRAS
Automatic FSM Extraction           : YES
FSM Encoding Algorithm             : Auto
Safe Implementation                : No
FSM Style                          : LUT
RAM Extraction                     : Yes
RAM Style                          : Auto
ROM Extraction                     : Yes
Shift Register Extraction          : YES
ROM Style                          : Auto
Resource Sharing                   : YES
Asynchronous To Synchronous        : NO
Shift Register Minimum Size        : 2
Use DSP Block                      : Auto
Automatic Register Balancing       : No

---- Target Options
LUT Combining                      : Auto
Reduce Control Sets                : Auto
Add IO Buffers                     : YES
Global Maximum Fanout              : 100000
Add Generic Clock Buffer(BUFG)     : 16
Register Duplication               : YES
Optimize Instantiated Primitives   : NO
Use Clock Enable                   : Auto
Use Synchronous Set                : Auto
Use Synchronous Reset              : Auto
Pack IO Registers into IOBs        : Auto
Equivalent register Removal        : YES

---- General Options
Optimization Goal                  : Speed
Optimization Effort                : 1
Power Reduction                    : NO
Keep Hierarchy                     : No
Netlist Hierarchy                  : As_Optimized
RTL Output                         : Yes
Global Optimization                : AllClockNets
Read Cores                         : YES
Write Timing Constraints           : NO
Cross Clock Analysis               : NO
Hierarchy Separator                : /
Bus Delimiter                      : <>
Case Specifier                     : Maintain
Slice Utilization Ratio            : 100
BRAM Utilization Ratio             : 100
DSP48 Utilization Ratio            : 100
Auto BRAM Packing                  : NO
Slice Utilization Ratio Delta      : 5

=========================================================================


=========================================================================
*                          HDL Parsing                                  *
=========================================================================
Parsing VHDL file "C:\Users\Juanjo\Documents\FIUNA ONLINE\SD2 online\VGAController\PINTA_BARRAS.vhd" into library work
Parsing entity <PINTA_BARRAS>.
Parsing architecture <behavioral> of entity <pinta_barras>.

=========================================================================
*                            HDL Elaboration                            *
=========================================================================

Elaborating entity <PINTA_BARRAS> (architecture <behavioral>) from library <work>.

=========================================================================
*                           HDL Synthesis                               *
=========================================================================

Synthesizing Unit <PINTA_BARRAS>.
    Related source file is "C:\Users\Juanjo\Documents\FIUNA ONLINE\SD2 online\VGAController\PINTA_BARRAS.vhd".
    Found 3-bit subtractor for signal <GND_4_o_GND_4_o_sub_17_OUT<2:0>> created at line 73.
    Found 10-bit comparator lessequal for signal <n0007> created at line 58
    Found 10-bit comparator greater for signal <line_num[9]_GND_4_o_LessThan_6_o> created at line 58
    Found 10-bit comparator greater for signal <line_num[9]_GND_4_o_LessThan_16_o> created at line 72
    Found 10-bit comparator lessequal for signal <n0022> created at line 76
    Found 10-bit comparator lessequal for signal <n0027> created at line 81
    Summary:
	inferred   1 Adder/Subtractor(s).
	inferred   5 Comparator(s).
	inferred  44 Multiplexer(s).
Unit <PINTA_BARRAS> synthesized.

=========================================================================
HDL Synthesis Report

Macro Statistics
# Adders/Subtractors                                   : 1
 3-bit subtractor                                      : 1
# Comparators                                          : 5
 10-bit comparator greater                             : 2
 10-bit comparator lessequal                           : 3
# Multiplexers                                         : 44
 2-bit 2-to-1 multiplexer                              : 16
 3-bit 2-to-1 multiplexer                              : 28
# Xors                                                 : 1
 1-bit xor2                                            : 1

=========================================================================

=========================================================================
*                       Advanced HDL Synthesis                          *
=========================================================================


=========================================================================
Advanced HDL Synthesis Report

Macro Statistics
# Adders/Subtractors                                   : 1
 3-bit subtractor                                      : 1
# Comparators                                          : 5
 10-bit comparator greater                             : 2
 10-bit comparator lessequal                           : 3
# Multiplexers                                         : 44
 2-bit 2-to-1 multiplexer                              : 16
 3-bit 2-to-1 multiplexer                              : 28
# Xors                                                 : 1
 1-bit xor2                                            : 1

=========================================================================

=========================================================================
*                         Low Level Synthesis                           *
=========================================================================

Optimizing unit <PINTA_BARRAS> ...

Mapping all equations...
Building and optimizing final netlist ...
Found area constraint ratio of 100 (+ 5) on block PINTA_BARRAS, actual ratio is 0.

Final Macro Processing ...

=========================================================================
Final Register Report

Found no macro
=========================================================================

=========================================================================
*                           Partition Report                            *
=========================================================================

Partition Implementation Status
-------------------------------

  No Partitions were found in this design.

-------------------------------

=========================================================================
*                            Design Summary                             *
=========================================================================

Top Level Output File Name         : PINTA_BARRAS.ngc

Primitive and Black Box Usage:
------------------------------
# BELS                             : 29
#      LUT2                        : 1
#      LUT3                        : 4
#      LUT4                        : 2
#      LUT5                        : 11
#      LUT6                        : 11
# IO Buffers                       : 29
#      IBUF                        : 21
#      OBUF                        : 8

Device utilization summary:
---------------------------

Selected Device : 6slx9csg324-2 


Slice Logic Utilization: 
 Number of Slice LUTs:                   29  out of   5720     0%  
    Number used as Logic:                29  out of   5720     0%  

Slice Logic Distribution: 
 Number of LUT Flip Flop pairs used:     29
   Number with an unused Flip Flop:      29  out of     29   100%  
   Number with an unused LUT:             0  out of     29     0%  
   Number of fully used LUT-FF pairs:     0  out of     29     0%  
   Number of unique control sets:         0

IO Utilization: 
 Number of IOs:                          29
 Number of bonded IOBs:                  29  out of    200    14%  

Specific Feature Utilization:

---------------------------
Partition Resource Summary:
---------------------------

  No Partitions were found in this design.

---------------------------


=========================================================================
Timing Report

NOTE: THESE TIMING NUMBERS ARE ONLY A SYNTHESIS ESTIMATE.
      FOR ACCURATE TIMING INFORMATION PLEASE REFER TO THE TRACE REPORT
      GENERATED AFTER PLACE-and-ROUTE.

Clock Information:
------------------
No clock signals found in this design

Asynchronous Control Signals Information:
----------------------------------------
No asynchronous control signals found in this design

Timing Summary:
---------------
Speed Grade: -2

   Minimum period: No path found
   Minimum input arrival time before clock: No path found
   Maximum output required time after clock: No path found
   Maximum combinational path delay: 12.137ns

Timing Details:
---------------
All values displayed in nanoseconds (ns)

=========================================================================
Timing constraint: Default path analysis
  Total number of paths / destination ports: 483 / 8
-------------------------------------------------------------------------
Delay:               12.137ns (Levels of Logic = 8)
  Source:            line_num<7> (PAD)
  Destination:       green<2> (PAD)

  Data Path: line_num<7> to green<2>
                                Gate     Net
    Cell:in->out      fanout   Delay   Delay  Logical Name (Net Name)
    ----------------------------------------  ------------
     IBUF:I->O             6   1.328   1.331  line_num_7_IBUF (line_num_7_IBUF)
     LUT6:I0->O            1   0.254   1.137  Mmux_green22254 (Mmux_green22254)
     LUT6:I0->O            1   0.254   0.910  Mmux_green22255 (Mmux_green22255)
     LUT5:I2->O            2   0.235   0.726  Mmux_green22256 (Mmux_green2225)
     LUT6:I5->O            5   0.254   0.841  Mmux_blue22 (Mmux_blue22)
     LUT6:I5->O            3   0.254   0.766  Mmux_green23 (Mmux_green23)
     LUT5:I4->O            1   0.254   0.681  Mmux_green21 (green_0_OBUF)
     OBUF:I->O                 2.912          green_0_OBUF (green<0>)
    ----------------------------------------
    Total                     12.137ns (5.745ns logic, 6.392ns route)
                                       (47.3% logic, 52.7% route)

=========================================================================

Cross Clock Domains Report:
--------------------------

=========================================================================


Total REAL time to Xst completion: 6.00 secs
Total CPU time to Xst completion: 6.08 secs
 
--> 

Total memory usage is 4486056 kilobytes

Number of errors   :    0 (   0 filtered)
Number of warnings :    0 (   0 filtered)
Number of infos    :    0 (   0 filtered)

