Release 14.7 - xst P.20131013 (nt64)
Copyright (c) 1995-2013 Xilinx, Inc.  All rights reserved.
--> Parameter TMPDIR set to xst/projnav.tmp


Total REAL time to Xst completion: 0.00 secs
Total CPU time to Xst completion: 0.10 secs
 
--> Parameter xsthdpdir set to xst


Total REAL time to Xst completion: 0.00 secs
Total CPU time to Xst completion: 0.10 secs
 
--> Reading design: VGA1.prj

TABLE OF CONTENTS
  1) Synthesis Options Summary
  2) HDL Parsing
  3) HDL Elaboration
  4) HDL Synthesis
       4.1) HDL Synthesis Report
  5) Advanced HDL Synthesis
       5.1) Advanced HDL Synthesis Report
  6) Low Level Synthesis
  7) Partition Report
  8) Design Summary
       8.1) Primitive and Black Box Usage
       8.2) Device utilization summary
       8.3) Partition Resource Summary
       8.4) Timing Report
            8.4.1) Clock Information
            8.4.2) Asynchronous Control Signals Information
            8.4.3) Timing Summary
            8.4.4) Timing Details
            8.4.5) Cross Clock Domains Report


=========================================================================
*                      Synthesis Options Summary                        *
=========================================================================
---- Source Parameters
Input File Name                    : "VGA1.prj"
Ignore Synthesis Constraint File   : NO

---- Target Parameters
Output File Name                   : "VGA1"
Output Format                      : NGC
Target Device                      : xc6slx9-2-csg324

---- Source Options
Top Module Name                    : VGA1
Automatic FSM Extraction           : YES
FSM Encoding Algorithm             : Auto
Safe Implementation                : No
FSM Style                          : LUT
RAM Extraction                     : Yes
RAM Style                          : Auto
ROM Extraction                     : Yes
Shift Register Extraction          : YES
ROM Style                          : Auto
Resource Sharing                   : YES
Asynchronous To Synchronous        : NO
Shift Register Minimum Size        : 2
Use DSP Block                      : Auto
Automatic Register Balancing       : No

---- Target Options
LUT Combining                      : Auto
Reduce Control Sets                : Auto
Add IO Buffers                     : YES
Global Maximum Fanout              : 100000
Add Generic Clock Buffer(BUFG)     : 16
Register Duplication               : YES
Optimize Instantiated Primitives   : NO
Use Clock Enable                   : Auto
Use Synchronous Set                : Auto
Use Synchronous Reset              : Auto
Pack IO Registers into IOBs        : Auto
Equivalent register Removal        : YES

---- General Options
Optimization Goal                  : Speed
Optimization Effort                : 1
Power Reduction                    : NO
Keep Hierarchy                     : No
Netlist Hierarchy                  : As_Optimized
RTL Output                         : Yes
Global Optimization                : AllClockNets
Read Cores                         : YES
Write Timing Constraints           : NO
Cross Clock Analysis               : NO
Hierarchy Separator                : /
Bus Delimiter                      : <>
Case Specifier                     : Maintain
Slice Utilization Ratio            : 100
BRAM Utilization Ratio             : 100
DSP48 Utilization Ratio            : 100
Auto BRAM Packing                  : NO
Slice Utilization Ratio Delta      : 5

=========================================================================


=========================================================================
*                          HDL Parsing                                  *
=========================================================================
Parsing VHDL file "C:\Users\Juanjo\Documents\FIUNA ONLINE\SD2 online\VGAController\VGAOut.vhd" into library work
Parsing entity <VGAOut>.
Parsing architecture <Behavioral> of entity <vgaout>.
Parsing VHDL file "C:\Users\Juanjo\Documents\FIUNA ONLINE\SD2 online\VGAController\MimasV2VGADisplay.vhd" into library work
Parsing entity <MimasV2VGADisplay>.
Parsing architecture <Behavioral> of entity <mimasv2vgadisplay>.
Parsing VHDL file "C:\Users\Juanjo\Documents\FIUNA ONLINE\SD2 online\VGAController\Clock_divider.vhd" into library work
Parsing entity <Clock_divider>.
Parsing architecture <Behavioral> of entity <clock_divider>.
Parsing VHDL file "C:\Users\Juanjo\Documents\FIUNA ONLINE\SD2 online\VGAController\VGA1.vhd" into library work
Parsing entity <VGA1>.
Parsing architecture <Behavioral> of entity <vga1>.

=========================================================================
*                            HDL Elaboration                            *
=========================================================================

Elaborating entity <VGA1> (architecture <Behavioral>) from library <work>.

Elaborating entity <Clock_divider> (architecture <Behavioral>) from library <work>.

Elaborating entity <MimasV2VGADisplay> (architecture <Behavioral>) from library <work>.

Elaborating entity <VGAOut> (architecture <Behavioral>) with generics from library <work>.
WARNING:HDLCompiler:871 - "C:\Users\Juanjo\Documents\FIUNA ONLINE\SD2 online\VGAController\VGAOut.vhd" Line 27: Using initial value 100 for x since it is never assigned
WARNING:HDLCompiler:871 - "C:\Users\Juanjo\Documents\FIUNA ONLINE\SD2 online\VGAController\VGAOut.vhd" Line 28: Using initial value 80 for y since it is never assigned

=========================================================================
*                           HDL Synthesis                               *
=========================================================================

Synthesizing Unit <VGA1>.
    Related source file is "C:\Users\Juanjo\Documents\FIUNA ONLINE\SD2 online\VGAController\VGA1.vhd".
    Summary:
	no macro.
Unit <VGA1> synthesized.

Synthesizing Unit <Clock_divider>.
    Related source file is "C:\Users\Juanjo\Documents\FIUNA ONLINE\SD2 online\VGAController\Clock_divider.vhd".
    Found 2-bit register for signal <count>.
    Found 2-bit adder for signal <count[1]_GND_4_o_add_1_OUT> created at line 51.
    Summary:
	inferred   1 Adder/Subtractor(s).
	inferred   2 D-type flip-flop(s).
Unit <Clock_divider> synthesized.

Synthesizing Unit <MimasV2VGADisplay>.
    Related source file is "C:\Users\Juanjo\Documents\FIUNA ONLINE\SD2 online\VGAController\MimasV2VGADisplay.vhd".
    Found 10-bit register for signal <vCount>.
    Found 10-bit register for signal <hCount>.
    Found 10-bit register for signal <nextHCount>.
    Found 10-bit register for signal <nextVCount>.
    Found 1-bit register for signal <VSync>.
    Found 1-bit register for signal <HSync>.
    Found 3-bit register for signal <Red>.
    Found 3-bit register for signal <Green>.
    Found 2-bit register for signal <Blue>.
    Found 10-bit adder for signal <vCount[9]_GND_6_o_add_2_OUT> created at line 65.
    Found 10-bit adder for signal <hCount[9]_GND_6_o_add_11_OUT> created at line 81.
    Found 10-bit comparator lessequal for signal <n0013> created at line 85
    Found 10-bit comparator greater for signal <vCount[9]_GND_6_o_LessThan_16_o> created at line 85
    Found 10-bit comparator lessequal for signal <n0018> created at line 92
    Found 10-bit comparator greater for signal <hCount[9]_PWR_6_o_LessThan_18_o> created at line 92
    Found 10-bit comparator greater for signal <hCount[9]_PWR_6_o_LessThan_19_o> created at line 99
    Found 10-bit comparator greater for signal <vCount[9]_GND_6_o_LessThan_20_o> created at line 99
    Summary:
	inferred   2 Adder/Subtractor(s).
	inferred  50 D-type flip-flop(s).
	inferred   6 Comparator(s).
	inferred   2 Multiplexer(s).
Unit <MimasV2VGADisplay> synthesized.

Synthesizing Unit <VGAOut>.
    Related source file is "C:\Users\Juanjo\Documents\FIUNA ONLINE\SD2 online\VGAController\VGAOut.vhd".
        OutputWidth = 10
        OutputHeight = 40
    Found 8-bit register for signal <pixels>.
    Found 10-bit comparator lessequal for signal <n0000> created at line 37
    Found 10-bit comparator greater for signal <hcounter[9]_GND_8_o_LessThan_2_o> created at line 37
    Found 10-bit comparator lessequal for signal <n0003> created at line 37
    Found 10-bit comparator greater for signal <vcounter[9]_GND_8_o_LessThan_4_o> created at line 37
    Found 10-bit comparator greater for signal <hcounter[9]_GND_8_o_LessThan_6_o> created at line 38
    Found 10-bit comparator greater for signal <vcounter[9]_GND_8_o_LessThan_8_o> created at line 38
    Found 10-bit comparator lessequal for signal <n0017> created at line 39
    Found 10-bit comparator lessequal for signal <n0023> created at line 40
    Found 10-bit comparator greater for signal <hcounter[9]_GND_8_o_LessThan_14_o> created at line 40
    Found 10-bit comparator lessequal for signal <n0026> created at line 40
    Found 10-bit comparator greater for signal <hcounter[9]_GND_8_o_LessThan_18_o> created at line 41
    Found 10-bit comparator lessequal for signal <n0037> created at line 42
    Found 10-bit comparator lessequal for signal <n0043> created at line 43
    Found 10-bit comparator greater for signal <hcounter[9]_GND_8_o_LessThan_26_o> created at line 43
    Found 10-bit comparator lessequal for signal <n0050> created at line 44
    Found 10-bit comparator greater for signal <hcounter[9]_GND_8_o_LessThan_30_o> created at line 44
    Found 10-bit comparator lessequal for signal <n0057> created at line 45
    Found 10-bit comparator greater for signal <hcounter[9]_GND_8_o_LessThan_34_o> created at line 45
    Found 10-bit comparator lessequal for signal <n0068> created at line 47
    Found 10-bit comparator greater for signal <hcounter[9]_GND_8_o_LessThan_42_o> created at line 47
    Found 10-bit comparator lessequal for signal <n0075> created at line 48
    Found 10-bit comparator greater for signal <vcounter[9]_GND_8_o_LessThan_48_o> created at line 48
    Found 10-bit comparator greater for signal <hcounter[9]_GND_8_o_LessThan_50_o> created at line 49
    Found 10-bit comparator lessequal for signal <n0086> created at line 50
    Found 10-bit comparator lessequal for signal <n0092> created at line 51
    Found 10-bit comparator greater for signal <hcounter[9]_GND_8_o_LessThan_58_o> created at line 51
    Found 10-bit comparator lessequal for signal <n0099> created at line 52
    Found 10-bit comparator greater for signal <hcounter[9]_GND_8_o_LessThan_62_o> created at line 52
    Found 10-bit comparator lessequal for signal <n0106> created at line 53
    Found 10-bit comparator greater for signal <hcounter[9]_GND_8_o_LessThan_66_o> created at line 53
    Found 10-bit comparator greater for signal <hcounter[9]_GND_8_o_LessThan_74_o> created at line 55
    Found 10-bit comparator lessequal for signal <n0121> created at line 56
    Summary:
	inferred   8 D-type flip-flop(s).
	inferred  32 Comparator(s).
Unit <VGAOut> synthesized.

=========================================================================
HDL Synthesis Report

Macro Statistics
# Adders/Subtractors                                   : 3
 10-bit adder                                          : 2
 2-bit adder                                           : 1
# Registers                                            : 11
 1-bit register                                        : 2
 10-bit register                                       : 4
 2-bit register                                        : 2
 3-bit register                                        : 2
 8-bit register                                        : 1
# Comparators                                          : 38
 10-bit comparator greater                             : 20
 10-bit comparator lessequal                           : 18
# Multiplexers                                         : 2
 10-bit 2-to-1 multiplexer                             : 2

=========================================================================

=========================================================================
*                       Advanced HDL Synthesis                          *
=========================================================================

INFO:Xst:2261 - The FF/Latch <pixels_4> in Unit <Inst_VGAOut> is equivalent to the following 3 FFs/Latches, which will be removed : <pixels_5> <pixels_6> <pixels_7> 
INFO:Xst:2261 - The FF/Latch <pixels_0> in Unit <Inst_VGAOut> is equivalent to the following 3 FFs/Latches, which will be removed : <pixels_1> <pixels_2> <pixels_3> 
WARNING:Xst:1710 - FF/Latch <Green_0> (without init value) has a constant value of 0 in block <Inst_VGA_Display>. This FF/Latch will be trimmed during the optimization process.
WARNING:Xst:1710 - FF/Latch <Green_1> (without init value) has a constant value of 0 in block <Inst_VGA_Display>. This FF/Latch will be trimmed during the optimization process.
WARNING:Xst:1710 - FF/Latch <Blue_1> (without init value) has a constant value of 0 in block <Inst_VGA_Display>. This FF/Latch will be trimmed during the optimization process.
WARNING:Xst:1710 - FF/Latch <Blue_2> (without init value) has a constant value of 0 in block <Inst_VGA_Display>. This FF/Latch will be trimmed during the optimization process.
WARNING:Xst:1710 - FF/Latch <pixels_0> (without init value) has a constant value of 0 in block <Inst_VGAOut>. This FF/Latch will be trimmed during the optimization process.

Synthesizing (advanced) Unit <Clock_divider>.
The following registers are absorbed into counter <count>: 1 register on signal <count>.
Unit <Clock_divider> synthesized (advanced).

=========================================================================
Advanced HDL Synthesis Report

Macro Statistics
# Adders/Subtractors                                   : 2
 10-bit adder                                          : 2
# Counters                                             : 1
 2-bit up counter                                      : 1
# Registers                                            : 58
 Flip-Flops                                            : 58
# Comparators                                          : 38
 10-bit comparator greater                             : 20
 10-bit comparator lessequal                           : 18
# Multiplexers                                         : 2
 10-bit 2-to-1 multiplexer                             : 2

=========================================================================

=========================================================================
*                         Low Level Synthesis                           *
=========================================================================
WARNING:Xst:1710 - FF/Latch <pixels_0> (without init value) has a constant value of 0 in block <VGAOut>. This FF/Latch will be trimmed during the optimization process.
WARNING:Xst:1895 - Due to other FF/Latch trimming, FF/Latch <pixels_1> (without init value) has a constant value of 0 in block <VGAOut>. This FF/Latch will be trimmed during the optimization process.
WARNING:Xst:1895 - Due to other FF/Latch trimming, FF/Latch <pixels_2> (without init value) has a constant value of 0 in block <VGAOut>. This FF/Latch will be trimmed during the optimization process.
WARNING:Xst:1895 - Due to other FF/Latch trimming, FF/Latch <pixels_3> (without init value) has a constant value of 0 in block <VGAOut>. This FF/Latch will be trimmed during the optimization process.
INFO:Xst:2261 - The FF/Latch <pixels_4> in Unit <VGAOut> is equivalent to the following 3 FFs/Latches, which will be removed : <pixels_5> <pixels_6> <pixels_7> 

Optimizing unit <VGA1> ...

Optimizing unit <MimasV2VGADisplay> ...

Optimizing unit <VGAOut> ...
WARNING:Xst:1710 - FF/Latch <Inst_VGA_Display/Blue_2> (without init value) has a constant value of 0 in block <VGA1>. This FF/Latch will be trimmed during the optimization process.
WARNING:Xst:1895 - Due to other FF/Latch trimming, FF/Latch <Inst_VGA_Display/Blue_1> (without init value) has a constant value of 0 in block <VGA1>. This FF/Latch will be trimmed during the optimization process.
WARNING:Xst:1895 - Due to other FF/Latch trimming, FF/Latch <Inst_VGA_Display/Green_1> (without init value) has a constant value of 0 in block <VGA1>. This FF/Latch will be trimmed during the optimization process.
WARNING:Xst:1895 - Due to other FF/Latch trimming, FF/Latch <Inst_VGA_Display/Green_0> (without init value) has a constant value of 0 in block <VGA1>. This FF/Latch will be trimmed during the optimization process.
INFO:Xst:2261 - The FF/Latch <Inst_VGA_Display/Red_2> in Unit <VGA1> is equivalent to the following 3 FFs/Latches, which will be removed : <Inst_VGA_Display/Red_1> <Inst_VGA_Display/Red_0> <Inst_VGA_Display/Green_2> 

Mapping all equations...
Building and optimizing final netlist ...
Found area constraint ratio of 100 (+ 5) on block VGA1, actual ratio is 2.

Final Macro Processing ...

=========================================================================
Final Register Report

Macro Statistics
# Registers                                            : 46
 Flip-Flops                                            : 46

=========================================================================

=========================================================================
*                           Partition Report                            *
=========================================================================

Partition Implementation Status
-------------------------------

  No Partitions were found in this design.

-------------------------------

=========================================================================
*                            Design Summary                             *
=========================================================================

Top Level Output File Name         : VGA1.ngc

Primitive and Black Box Usage:
------------------------------
# BELS                             : 138
#      GND                         : 1
#      INV                         : 3
#      LUT2                        : 17
#      LUT3                        : 19
#      LUT4                        : 18
#      LUT5                        : 13
#      LUT6                        : 65
#      MUXF7                       : 1
#      VCC                         : 1
# FlipFlops/Latches                : 46
#      FD                          : 16
#      FDC                         : 8
#      FDCE                        : 6
#      FDE                         : 6
#      FDP                         : 2
#      FDPE                        : 4
#      FDR                         : 3
#      FDRE                        : 1
# Clock Buffers                    : 2
#      BUFG                        : 1
#      BUFGP                       : 1
# IO Buffers                       : 11
#      IBUF                        : 1
#      OBUF                        : 10

Device utilization summary:
---------------------------

Selected Device : 6slx9csg324-2 


Slice Logic Utilization: 
 Number of Slice Registers:              46  out of  11440     0%  
 Number of Slice LUTs:                  135  out of   5720     2%  
    Number used as Logic:               135  out of   5720     2%  

Slice Logic Distribution: 
 Number of LUT Flip Flop pairs used:    137
   Number with an unused Flip Flop:      91  out of    137    66%  
   Number with an unused LUT:             2  out of    137     1%  
   Number of fully used LUT-FF pairs:    44  out of    137    32%  
   Number of unique control sets:         8

IO Utilization: 
 Number of IOs:                          12
 Number of bonded IOBs:                  12  out of    200     6%  

Specific Feature Utilization:
 Number of BUFG/BUFGCTRLs:                2  out of     16    12%  

---------------------------
Partition Resource Summary:
---------------------------

  No Partitions were found in this design.

---------------------------


=========================================================================
Timing Report

NOTE: THESE TIMING NUMBERS ARE ONLY A SYNTHESIS ESTIMATE.
      FOR ACCURATE TIMING INFORMATION PLEASE REFER TO THE TRACE REPORT
      GENERATED AFTER PLACE-and-ROUTE.

Clock Information:
------------------
-----------------------------------+---------------------------+-------+
Clock Signal                       | Clock buffer(FF name)     | Load  |
-----------------------------------+---------------------------+-------+
clk_100Mhz                         | BUFGP                     | 2     |
Inst_Clock_divider/count_1         | BUFG                      | 43    |
Inst_Clock_divider/count_0         | NONE(Inst_VGAOut/pixels_4)| 1     |
-----------------------------------+---------------------------+-------+
INFO:Xst:2169 - HDL ADVISOR - Some clock signals were not automatically buffered by XST with BUFG/BUFR resources. Please use the buffer_type constraint in order to insert these buffers to the clock signals to help prevent skew problems.

Asynchronous Control Signals Information:
----------------------------------------
No asynchronous control signals found in this design

Timing Summary:
---------------
Speed Grade: -2

   Minimum period: 5.264ns (Maximum Frequency: 189.970MHz)
   Minimum input arrival time before clock: 6.232ns
   Maximum output required time after clock: 4.240ns
   Maximum combinational path delay: No path found

Timing Details:
---------------
All values displayed in nanoseconds (ns)

=========================================================================
Timing constraint: Default period analysis for Clock 'clk_100Mhz'
  Clock period: 2.793ns (frequency: 358.038MHz)
  Total number of paths / destination ports: 7 / 4
-------------------------------------------------------------------------
Delay:               2.793ns (Levels of Logic = 1)
  Source:            Inst_Clock_divider/count_1 (FF)
  Destination:       Inst_Clock_divider/count_1 (FF)
  Source Clock:      clk_100Mhz rising
  Destination Clock: clk_100Mhz rising

  Data Path: Inst_Clock_divider/count_1 to Inst_Clock_divider/count_1
                                Gate     Net
    Cell:in->out      fanout   Delay   Delay  Logical Name (Net Name)
    ----------------------------------------  ------------
     FDR:C->Q              2   0.525   0.834  Inst_Clock_divider/count_1 (Inst_Clock_divider/count_1)
     LUT2:I0->O            2   0.250   0.725  Inst_Clock_divider/PWR_4_o_count[1]_equal_1_o<1>1 (Inst_Clock_divider/PWR_4_o_count[1]_equal_1_o)
     FDR:R                     0.459          Inst_Clock_divider/count_0
    ----------------------------------------
    Total                      2.793ns (1.234ns logic, 1.559ns route)
                                       (44.2% logic, 55.8% route)

=========================================================================
Timing constraint: Default period analysis for Clock 'Inst_Clock_divider/count_1'
  Clock period: 5.264ns (frequency: 189.970MHz)
  Total number of paths / destination ports: 809 / 57
-------------------------------------------------------------------------
Delay:               5.264ns (Levels of Logic = 3)
  Source:            Inst_VGA_Display/nextHCount_1 (FF)
  Destination:       Inst_VGA_Display/nextHCount_6 (FF)
  Source Clock:      Inst_Clock_divider/count_1 rising
  Destination Clock: Inst_Clock_divider/count_1 rising

  Data Path: Inst_VGA_Display/nextHCount_1 to Inst_VGA_Display/nextHCount_6
                                Gate     Net
    Cell:in->out      fanout   Delay   Delay  Logical Name (Net Name)
    ----------------------------------------  ------------
     FD:C->Q              12   0.525   1.499  Inst_VGA_Display/nextHCount_1 (Inst_VGA_Display/nextHCount_1)
     LUT6:I1->O            7   0.254   0.910  Inst_VGA_Display/_n00841_SW0 (N6)
     LUT6:I5->O           11   0.254   1.494  Inst_VGA_Display/_n00841 (Inst_VGA_Display/_n00841)
     LUT6:I0->O            1   0.254   0.000  Inst_VGA_Display/nextHCount_6_rstpot (Inst_VGA_Display/nextHCount_6_rstpot)
     FD:D                      0.074          Inst_VGA_Display/nextHCount_6
    ----------------------------------------
    Total                      5.264ns (1.361ns logic, 3.903ns route)
                                       (25.9% logic, 74.1% route)

=========================================================================
Timing constraint: Default OFFSET IN BEFORE for Clock 'Inst_Clock_divider/count_1'
  Total number of paths / destination ports: 60 / 44
-------------------------------------------------------------------------
Offset:              6.232ns (Levels of Logic = 4)
  Source:            rst_n (PAD)
  Destination:       Inst_VGA_Display/nextHCount_6 (FF)
  Destination Clock: Inst_Clock_divider/count_1 rising

  Data Path: rst_n to Inst_VGA_Display/nextHCount_6
                                Gate     Net
    Cell:in->out      fanout   Delay   Delay  Logical Name (Net Name)
    ----------------------------------------  ------------
     IBUF:I->O            17   1.328   1.664  rst_n_IBUF (rst_n_IBUF)
     LUT6:I0->O            7   0.254   0.910  Inst_VGA_Display/_n00841_SW0 (N6)
     LUT6:I5->O           11   0.254   1.494  Inst_VGA_Display/_n00841 (Inst_VGA_Display/_n00841)
     LUT6:I0->O            1   0.254   0.000  Inst_VGA_Display/nextHCount_6_rstpot (Inst_VGA_Display/nextHCount_6_rstpot)
     FD:D                      0.074          Inst_VGA_Display/nextHCount_6
    ----------------------------------------
    Total                      6.232ns (2.164ns logic, 4.068ns route)
                                       (34.7% logic, 65.3% route)

=========================================================================
Timing constraint: Default OFFSET OUT AFTER for Clock 'Inst_Clock_divider/count_1'
  Total number of paths / destination ports: 6 / 6
-------------------------------------------------------------------------
Offset:              4.240ns (Levels of Logic = 1)
  Source:            Inst_VGA_Display/Red_2 (FF)
  Destination:       Red<2> (PAD)
  Source Clock:      Inst_Clock_divider/count_1 rising

  Data Path: Inst_VGA_Display/Red_2 to Red<2>
                                Gate     Net
    Cell:in->out      fanout   Delay   Delay  Logical Name (Net Name)
    ----------------------------------------  ------------
     FDRE:C->Q             4   0.525   0.803  Inst_VGA_Display/Red_2 (Inst_VGA_Display/Red_2)
     OBUF:I->O                 2.912          Red_2_OBUF (Red<2>)
    ----------------------------------------
    Total                      4.240ns (3.437ns logic, 0.803ns route)
                                       (81.1% logic, 18.9% route)

=========================================================================

Cross Clock Domains Report:
--------------------------

Clock to Setup on destination clock Inst_Clock_divider/count_0
--------------------------+---------+---------+---------+---------+
                          | Src:Rise| Src:Fall| Src:Rise| Src:Fall|
Source Clock              |Dest:Rise|Dest:Rise|Dest:Fall|Dest:Fall|
--------------------------+---------+---------+---------+---------+
Inst_Clock_divider/count_1|   12.651|         |         |         |
--------------------------+---------+---------+---------+---------+

Clock to Setup on destination clock Inst_Clock_divider/count_1
--------------------------+---------+---------+---------+---------+
                          | Src:Rise| Src:Fall| Src:Rise| Src:Fall|
Source Clock              |Dest:Rise|Dest:Rise|Dest:Fall|Dest:Fall|
--------------------------+---------+---------+---------+---------+
Inst_Clock_divider/count_0|    1.280|         |         |         |
Inst_Clock_divider/count_1|    5.264|         |         |         |
--------------------------+---------+---------+---------+---------+

Clock to Setup on destination clock clk_100Mhz
---------------+---------+---------+---------+---------+
               | Src:Rise| Src:Fall| Src:Rise| Src:Fall|
Source Clock   |Dest:Rise|Dest:Rise|Dest:Fall|Dest:Fall|
---------------+---------+---------+---------+---------+
clk_100Mhz     |    2.793|         |         |         |
---------------+---------+---------+---------+---------+

=========================================================================


Total REAL time to Xst completion: 6.00 secs
Total CPU time to Xst completion: 6.05 secs
 
--> 

Total memory usage is 4502248 kilobytes

Number of errors   :    0 (   0 filtered)
Number of warnings :   15 (   0 filtered)
Number of infos    :    5 (   0 filtered)

