Release 14.7 - xst P.20131013 (nt64)
Copyright (c) 1995-2013 Xilinx, Inc.  All rights reserved.
--> Parameter TMPDIR set to xst/projnav.tmp


Total REAL time to Xst completion: 0.00 secs
Total CPU time to Xst completion: 0.11 secs
 
--> Parameter xsthdpdir set to xst


Total REAL time to Xst completion: 0.00 secs
Total CPU time to Xst completion: 0.11 secs
 
--> Reading design: VGA_Sync.prj

TABLE OF CONTENTS
  1) Synthesis Options Summary
  2) HDL Parsing
  3) HDL Elaboration
  4) HDL Synthesis
       4.1) HDL Synthesis Report
  5) Advanced HDL Synthesis
       5.1) Advanced HDL Synthesis Report
  6) Low Level Synthesis
  7) Partition Report
  8) Design Summary
       8.1) Primitive and Black Box Usage
       8.2) Device utilization summary
       8.3) Partition Resource Summary
       8.4) Timing Report
            8.4.1) Clock Information
            8.4.2) Asynchronous Control Signals Information
            8.4.3) Timing Summary
            8.4.4) Timing Details
            8.4.5) Cross Clock Domains Report


=========================================================================
*                      Synthesis Options Summary                        *
=========================================================================
---- Source Parameters
Input File Name                    : "VGA_Sync.prj"
Ignore Synthesis Constraint File   : NO

---- Target Parameters
Output File Name                   : "VGA_Sync"
Output Format                      : NGC
Target Device                      : xc6slx9-2-csg324

---- Source Options
Top Module Name                    : VGA_Sync
Automatic FSM Extraction           : YES
FSM Encoding Algorithm             : Auto
Safe Implementation                : No
FSM Style                          : LUT
RAM Extraction                     : Yes
RAM Style                          : Auto
ROM Extraction                     : Yes
Shift Register Extraction          : YES
ROM Style                          : Auto
Resource Sharing                   : YES
Asynchronous To Synchronous        : NO
Shift Register Minimum Size        : 2
Use DSP Block                      : Auto
Automatic Register Balancing       : No

---- Target Options
LUT Combining                      : Auto
Reduce Control Sets                : Auto
Add IO Buffers                     : YES
Global Maximum Fanout              : 100000
Add Generic Clock Buffer(BUFG)     : 16
Register Duplication               : YES
Optimize Instantiated Primitives   : NO
Use Clock Enable                   : Auto
Use Synchronous Set                : Auto
Use Synchronous Reset              : Auto
Pack IO Registers into IOBs        : Auto
Equivalent register Removal        : YES

---- General Options
Optimization Goal                  : Speed
Optimization Effort                : 1
Power Reduction                    : NO
Keep Hierarchy                     : No
Netlist Hierarchy                  : As_Optimized
RTL Output                         : Yes
Global Optimization                : AllClockNets
Read Cores                         : YES
Write Timing Constraints           : NO
Cross Clock Analysis               : NO
Hierarchy Separator                : /
Bus Delimiter                      : <>
Case Specifier                     : Maintain
Slice Utilization Ratio            : 100
BRAM Utilization Ratio             : 100
DSP48 Utilization Ratio            : 100
Auto BRAM Packing                  : NO
Slice Utilization Ratio Delta      : 5

=========================================================================


=========================================================================
*                          HDL Parsing                                  *
=========================================================================
Parsing VHDL file "C:\Users\Juanjo\Documents\FIUNA ONLINE\SD2 online\VGAController\VGA_Sync.vhd" into library work
Parsing entity <VGA_Sync>.
Parsing architecture <Behavioral> of entity <vga_sync>.

=========================================================================
*                            HDL Elaboration                            *
=========================================================================

Elaborating entity <VGA_Sync> (architecture <Behavioral>) from library <work>.

=========================================================================
*                           HDL Synthesis                               *
=========================================================================

Synthesizing Unit <VGA_Sync>.
    Related source file is "C:\Users\Juanjo\Documents\FIUNA ONLINE\SD2 online\VGAController\VGA_Sync.vhd".
    Found 10-bit register for signal <vCount>.
    Found 10-bit register for signal <hCount>.
    Found 10-bit register for signal <nextHCount>.
    Found 10-bit register for signal <nextVCount>.
    Found 1-bit register for signal <VSync>.
    Found 1-bit register for signal <HSync>.
    Found 1-bit register for signal <video_on>.
    Found 10-bit adder for signal <vCount[9]_GND_4_o_add_2_OUT> created at line 69.
    Found 10-bit adder for signal <hCount[9]_GND_4_o_add_11_OUT> created at line 83.
    Found 10-bit comparator lessequal for signal <n0013> created at line 86
    Found 10-bit comparator greater for signal <vCount[9]_GND_4_o_LessThan_16_o> created at line 86
    Found 10-bit comparator lessequal for signal <n0018> created at line 92
    Found 10-bit comparator greater for signal <hCount[9]_PWR_4_o_LessThan_18_o> created at line 92
    Found 10-bit comparator greater for signal <hCount[9]_PWR_4_o_LessThan_19_o> created at line 98
    Found 10-bit comparator greater for signal <vCount[9]_GND_4_o_LessThan_20_o> created at line 98
    Summary:
	inferred   2 Adder/Subtractor(s).
	inferred  43 D-type flip-flop(s).
	inferred   6 Comparator(s).
	inferred   2 Multiplexer(s).
Unit <VGA_Sync> synthesized.

=========================================================================
HDL Synthesis Report

Macro Statistics
# Adders/Subtractors                                   : 2
 10-bit adder                                          : 2
# Registers                                            : 7
 1-bit register                                        : 3
 10-bit register                                       : 4
# Comparators                                          : 6
 10-bit comparator greater                             : 4
 10-bit comparator lessequal                           : 2
# Multiplexers                                         : 2
 10-bit 2-to-1 multiplexer                             : 2

=========================================================================

=========================================================================
*                       Advanced HDL Synthesis                          *
=========================================================================


=========================================================================
Advanced HDL Synthesis Report

Macro Statistics
# Adders/Subtractors                                   : 2
 10-bit adder                                          : 2
# Registers                                            : 43
 Flip-Flops                                            : 43
# Comparators                                          : 6
 10-bit comparator greater                             : 4
 10-bit comparator lessequal                           : 2
# Multiplexers                                         : 2
 10-bit 2-to-1 multiplexer                             : 2

=========================================================================

=========================================================================
*                         Low Level Synthesis                           *
=========================================================================

Optimizing unit <VGA_Sync> ...

Mapping all equations...
Building and optimizing final netlist ...
Found area constraint ratio of 100 (+ 5) on block VGA_Sync, actual ratio is 1.

Final Macro Processing ...

=========================================================================
Final Register Report

Macro Statistics
# Registers                                            : 43
 Flip-Flops                                            : 43

=========================================================================

=========================================================================
*                           Partition Report                            *
=========================================================================

Partition Implementation Status
-------------------------------

  No Partitions were found in this design.

-------------------------------

=========================================================================
*                            Design Summary                             *
=========================================================================

Top Level Output File Name         : VGA_Sync.ngc

Primitive and Black Box Usage:
------------------------------
# BELS                             : 95
#      INV                         : 2
#      LUT2                        : 6
#      LUT3                        : 14
#      LUT4                        : 22
#      LUT5                        : 13
#      LUT6                        : 38
# FlipFlops/Latches                : 43
#      FD                          : 20
#      FDC                         : 8
#      FDCE                        : 6
#      FDE                         : 3
#      FDP                         : 2
#      FDPE                        : 4
# Clock Buffers                    : 1
#      BUFGP                       : 1
# IO Buffers                       : 24
#      IBUF                        : 1
#      OBUF                        : 23

Device utilization summary:
---------------------------

Selected Device : 6slx9csg324-2 


Slice Logic Utilization: 
 Number of Slice Registers:              43  out of  11440     0%  
 Number of Slice LUTs:                   95  out of   5720     1%  
    Number used as Logic:                95  out of   5720     1%  

Slice Logic Distribution: 
 Number of LUT Flip Flop pairs used:     95
   Number with an unused Flip Flop:      52  out of     95    54%  
   Number with an unused LUT:             0  out of     95     0%  
   Number of fully used LUT-FF pairs:    43  out of     95    45%  
   Number of unique control sets:         6

IO Utilization: 
 Number of IOs:                          25
 Number of bonded IOBs:                  25  out of    200    12%  

Specific Feature Utilization:
 Number of BUFG/BUFGCTRLs:                1  out of     16     6%  

---------------------------
Partition Resource Summary:
---------------------------

  No Partitions were found in this design.

---------------------------


=========================================================================
Timing Report

NOTE: THESE TIMING NUMBERS ARE ONLY A SYNTHESIS ESTIMATE.
      FOR ACCURATE TIMING INFORMATION PLEASE REFER TO THE TRACE REPORT
      GENERATED AFTER PLACE-and-ROUTE.

Clock Information:
------------------
-----------------------------------+------------------------+-------+
Clock Signal                       | Clock buffer(FF name)  | Load  |
-----------------------------------+------------------------+-------+
clk                                | BUFGP                  | 43    |
-----------------------------------+------------------------+-------+

Asynchronous Control Signals Information:
----------------------------------------
No asynchronous control signals found in this design

Timing Summary:
---------------
Speed Grade: -2

   Minimum period: 4.632ns (Maximum Frequency: 215.889MHz)
   Minimum input arrival time before clock: 5.838ns
   Maximum output required time after clock: 4.444ns
   Maximum combinational path delay: No path found

Timing Details:
---------------
All values displayed in nanoseconds (ns)

=========================================================================
Timing constraint: Default period analysis for Clock 'clk'
  Clock period: 4.632ns (frequency: 215.889MHz)
  Total number of paths / destination ports: 864 / 53
-------------------------------------------------------------------------
Delay:               4.632ns (Levels of Logic = 3)
  Source:            nextHCount_8 (FF)
  Destination:       nextHCount_7 (FF)
  Source Clock:      clk rising
  Destination Clock: clk rising

  Data Path: nextHCount_8 to nextHCount_7
                                Gate     Net
    Cell:in->out      fanout   Delay   Delay  Logical Name (Net Name)
    ----------------------------------------  ------------
     FD:C->Q               4   0.525   1.234  nextHCount_8 (nextHCount_8)
     LUT6:I1->O            7   0.254   0.910  _n0064_SW0 (N12)
     LUT6:I5->O           14   0.254   1.127  _n0064 (_n0064)
     LUT4:I3->O            1   0.254   0.000  nextHCount_9_glue_rst (nextHCount_9_glue_rst)
     FD:D                      0.074          nextHCount_9
    ----------------------------------------
    Total                      4.632ns (1.361ns logic, 3.271ns route)
                                       (29.4% logic, 70.6% route)

=========================================================================
Timing constraint: Default OFFSET IN BEFORE for Clock 'clk'
  Total number of paths / destination ports: 63 / 43
-------------------------------------------------------------------------
Offset:              5.838ns (Levels of Logic = 4)
  Source:            reset_n (PAD)
  Destination:       nextHCount_7 (FF)
  Destination Clock: clk rising

  Data Path: reset_n to nextHCount_7
                                Gate     Net
    Cell:in->out      fanout   Delay   Delay  Logical Name (Net Name)
    ----------------------------------------  ------------
     IBUF:I->O            16   1.328   1.637  reset_n_IBUF (reset_n_IBUF)
     LUT6:I0->O            7   0.254   0.910  _n0064_SW0 (N12)
     LUT6:I5->O           14   0.254   1.127  _n0064 (_n0064)
     LUT4:I3->O            1   0.254   0.000  nextHCount_9_glue_rst (nextHCount_9_glue_rst)
     FD:D                      0.074          nextHCount_9
    ----------------------------------------
    Total                      5.838ns (2.164ns logic, 3.674ns route)
                                       (37.1% logic, 62.9% route)

=========================================================================
Timing constraint: Default OFFSET OUT AFTER for Clock 'clk'
  Total number of paths / destination ports: 23 / 23
-------------------------------------------------------------------------
Offset:              4.444ns (Levels of Logic = 1)
  Source:            nextHCount_7 (FF)
  Destination:       pixel_x<7> (PAD)
  Source Clock:      clk rising

  Data Path: nextHCount_7 to pixel_x<7>
                                Gate     Net
    Cell:in->out      fanout   Delay   Delay  Logical Name (Net Name)
    ----------------------------------------  ------------
     FD:C->Q              10   0.525   1.007  nextHCount_7 (nextHCount_7)
     OBUF:I->O                 2.912          pixel_x_7_OBUF (pixel_x<7>)
    ----------------------------------------
    Total                      4.444ns (3.437ns logic, 1.007ns route)
                                       (77.3% logic, 22.7% route)

=========================================================================

Cross Clock Domains Report:
--------------------------

Clock to Setup on destination clock clk
---------------+---------+---------+---------+---------+
               | Src:Rise| Src:Fall| Src:Rise| Src:Fall|
Source Clock   |Dest:Rise|Dest:Rise|Dest:Fall|Dest:Fall|
---------------+---------+---------+---------+---------+
clk            |    4.632|         |         |         |
---------------+---------+---------+---------+---------+

=========================================================================


Total REAL time to Xst completion: 6.00 secs
Total CPU time to Xst completion: 5.54 secs
 
--> 

Total memory usage is 4486056 kilobytes

Number of errors   :    0 (   0 filtered)
Number of warnings :    0 (   0 filtered)
Number of infos    :    0 (   0 filtered)

