Release 14.7 - xst P.20131013 (nt64)
Copyright (c) 1995-2013 Xilinx, Inc.  All rights reserved.
--> Parameter TMPDIR set to xst/projnav.tmp


Total REAL time to Xst completion: 0.00 secs
Total CPU time to Xst completion: 0.12 secs
 
--> Parameter xsthdpdir set to xst


Total REAL time to Xst completion: 0.00 secs
Total CPU time to Xst completion: 0.12 secs
 
--> Reading design: VGA_Simple.prj

TABLE OF CONTENTS
  1) Synthesis Options Summary
  2) HDL Parsing
  3) HDL Elaboration
  4) HDL Synthesis
       4.1) HDL Synthesis Report
  5) Advanced HDL Synthesis
       5.1) Advanced HDL Synthesis Report
  6) Low Level Synthesis
  7) Partition Report
  8) Design Summary
       8.1) Primitive and Black Box Usage
       8.2) Device utilization summary
       8.3) Partition Resource Summary
       8.4) Timing Report
            8.4.1) Clock Information
            8.4.2) Asynchronous Control Signals Information
            8.4.3) Timing Summary
            8.4.4) Timing Details
            8.4.5) Cross Clock Domains Report


=========================================================================
*                      Synthesis Options Summary                        *
=========================================================================
---- Source Parameters
Input File Name                    : "VGA_Simple.prj"
Ignore Synthesis Constraint File   : NO

---- Target Parameters
Output File Name                   : "VGA_Simple"
Output Format                      : NGC
Target Device                      : xc6slx9-2-csg324

---- Source Options
Top Module Name                    : VGA_Simple
Automatic FSM Extraction           : YES
FSM Encoding Algorithm             : Auto
Safe Implementation                : No
FSM Style                          : LUT
RAM Extraction                     : Yes
RAM Style                          : Auto
ROM Extraction                     : Yes
Shift Register Extraction          : YES
ROM Style                          : Auto
Resource Sharing                   : YES
Asynchronous To Synchronous        : NO
Shift Register Minimum Size        : 2
Use DSP Block                      : Auto
Automatic Register Balancing       : No

---- Target Options
LUT Combining                      : Auto
Reduce Control Sets                : Auto
Add IO Buffers                     : YES
Global Maximum Fanout              : 100000
Add Generic Clock Buffer(BUFG)     : 16
Register Duplication               : YES
Optimize Instantiated Primitives   : NO
Use Clock Enable                   : Auto
Use Synchronous Set                : Auto
Use Synchronous Reset              : Auto
Pack IO Registers into IOBs        : Auto
Equivalent register Removal        : YES

---- General Options
Optimization Goal                  : Speed
Optimization Effort                : 1
Power Reduction                    : NO
Keep Hierarchy                     : No
Netlist Hierarchy                  : As_Optimized
RTL Output                         : Yes
Global Optimization                : AllClockNets
Read Cores                         : YES
Write Timing Constraints           : NO
Cross Clock Analysis               : NO
Hierarchy Separator                : /
Bus Delimiter                      : <>
Case Specifier                     : Maintain
Slice Utilization Ratio            : 100
BRAM Utilization Ratio             : 100
DSP48 Utilization Ratio            : 100
Auto BRAM Packing                  : NO
Slice Utilization Ratio Delta      : 5

=========================================================================


=========================================================================
*                          HDL Parsing                                  *
=========================================================================
Parsing VHDL file "C:\Users\Juanjo\Documents\FIUNA ONLINE\SD2 online\VGAController\VGA_Sync.vhd" into library work
Parsing entity <VGA_Sync>.
Parsing architecture <Behavioral> of entity <vga_sync>.
Parsing VHDL file "C:\Users\Juanjo\Documents\FIUNA ONLINE\SD2 online\VGAController\PINTA_BARRAS.vhd" into library work
Parsing entity <PINTA_BARRAS>.
Parsing architecture <behavioral> of entity <pinta_barras>.
Parsing VHDL file "C:\Users\Juanjo\Documents\FIUNA ONLINE\SD2 online\VGAController\Clock_divider.vhd" into library work
Parsing entity <Clock_divider>.
Parsing architecture <Behavioral> of entity <clock_divider>.
Parsing VHDL file "C:\Users\Juanjo\Documents\FIUNA ONLINE\SD2 online\VGAController\VGA_Simple.vhd" into library work
Parsing entity <VGA_Simple>.
Parsing architecture <Behavioral> of entity <vga_simple>.

=========================================================================
*                            HDL Elaboration                            *
=========================================================================

Elaborating entity <VGA_Simple> (architecture <Behavioral>) from library <work>.

Elaborating entity <Clock_divider> (architecture <Behavioral>) from library <work>.

Elaborating entity <VGA_Sync> (architecture <Behavioral>) from library <work>.

Elaborating entity <PINTA_BARRAS> (architecture <behavioral>) from library <work>.

=========================================================================
*                           HDL Synthesis                               *
=========================================================================

Synthesizing Unit <VGA_Simple>.
    Related source file is "C:\Users\Juanjo\Documents\FIUNA ONLINE\SD2 online\VGAController\VGA_Simple.vhd".
INFO:Xst:3210 - "C:\Users\Juanjo\Documents\FIUNA ONLINE\SD2 online\VGAController\VGA_Simple.vhd" line 77: Output port <clk_50Mhz> of the instance <Inst_Clock_divider> is unconnected or connected to loadless signal.
    Summary:
	no macro.
Unit <VGA_Simple> synthesized.

Synthesizing Unit <Clock_divider>.
    Related source file is "C:\Users\Juanjo\Documents\FIUNA ONLINE\SD2 online\VGAController\Clock_divider.vhd".
    Found 2-bit register for signal <count>.
    Found 2-bit adder for signal <count[1]_GND_4_o_add_1_OUT> created at line 51.
    Summary:
	inferred   1 Adder/Subtractor(s).
	inferred   2 D-type flip-flop(s).
Unit <Clock_divider> synthesized.

Synthesizing Unit <VGA_Sync>.
    Related source file is "C:\Users\Juanjo\Documents\FIUNA ONLINE\SD2 online\VGAController\VGA_Sync.vhd".
    Found 10-bit register for signal <vCount>.
    Found 10-bit register for signal <hCount>.
    Found 10-bit register for signal <nextHCount>.
    Found 10-bit register for signal <nextVCount>.
    Found 1-bit register for signal <VSync>.
    Found 1-bit register for signal <HSync>.
    Found 1-bit register for signal <video_on>.
    Found 10-bit adder for signal <vCount[9]_GND_6_o_add_2_OUT> created at line 69.
    Found 10-bit adder for signal <hCount[9]_GND_6_o_add_11_OUT> created at line 83.
    Found 10-bit comparator lessequal for signal <n0013> created at line 86
    Found 10-bit comparator greater for signal <vCount[9]_GND_6_o_LessThan_16_o> created at line 86
    Found 10-bit comparator lessequal for signal <n0018> created at line 92
    Found 10-bit comparator greater for signal <hCount[9]_PWR_6_o_LessThan_18_o> created at line 92
    Found 10-bit comparator greater for signal <hCount[9]_PWR_6_o_LessThan_19_o> created at line 98
    Found 10-bit comparator greater for signal <vCount[9]_GND_6_o_LessThan_20_o> created at line 98
    Summary:
	inferred   2 Adder/Subtractor(s).
	inferred  43 D-type flip-flop(s).
	inferred   6 Comparator(s).
	inferred   2 Multiplexer(s).
Unit <VGA_Sync> synthesized.

Synthesizing Unit <PINTA_BARRAS>.
    Related source file is "C:\Users\Juanjo\Documents\FIUNA ONLINE\SD2 online\VGAController\PINTA_BARRAS.vhd".
    Found 3-bit subtractor for signal <GND_8_o_GND_8_o_sub_17_OUT<2:0>> created at line 73.
    Found 10-bit comparator lessequal for signal <n0007> created at line 58
    Found 10-bit comparator greater for signal <line_num[9]_GND_8_o_LessThan_6_o> created at line 58
    Found 10-bit comparator greater for signal <line_num[9]_GND_8_o_LessThan_16_o> created at line 72
    Found 10-bit comparator lessequal for signal <n0022> created at line 76
    Found 10-bit comparator lessequal for signal <n0027> created at line 81
    Summary:
	inferred   1 Adder/Subtractor(s).
	inferred   5 Comparator(s).
	inferred  44 Multiplexer(s).
Unit <PINTA_BARRAS> synthesized.

=========================================================================
HDL Synthesis Report

Macro Statistics
# Adders/Subtractors                                   : 4
 10-bit adder                                          : 2
 2-bit adder                                           : 1
 3-bit subtractor                                      : 1
# Registers                                            : 8
 1-bit register                                        : 3
 10-bit register                                       : 4
 2-bit register                                        : 1
# Comparators                                          : 11
 10-bit comparator greater                             : 6
 10-bit comparator lessequal                           : 5
# Multiplexers                                         : 46
 10-bit 2-to-1 multiplexer                             : 2
 2-bit 2-to-1 multiplexer                              : 16
 3-bit 2-to-1 multiplexer                              : 28
# Xors                                                 : 1
 1-bit xor2                                            : 1

=========================================================================

=========================================================================
*                       Advanced HDL Synthesis                          *
=========================================================================


Synthesizing (advanced) Unit <Clock_divider>.
The following registers are absorbed into counter <count>: 1 register on signal <count>.
Unit <Clock_divider> synthesized (advanced).

=========================================================================
Advanced HDL Synthesis Report

Macro Statistics
# Adders/Subtractors                                   : 3
 10-bit adder                                          : 2
 3-bit subtractor                                      : 1
# Counters                                             : 1
 2-bit up counter                                      : 1
# Registers                                            : 43
 Flip-Flops                                            : 43
# Comparators                                          : 11
 10-bit comparator greater                             : 6
 10-bit comparator lessequal                           : 5
# Multiplexers                                         : 46
 10-bit 2-to-1 multiplexer                             : 2
 2-bit 2-to-1 multiplexer                              : 16
 3-bit 2-to-1 multiplexer                              : 28
# Xors                                                 : 1
 1-bit xor2                                            : 1

=========================================================================

=========================================================================
*                         Low Level Synthesis                           *
=========================================================================

Optimizing unit <VGA_Simple> ...

Optimizing unit <VGA_Sync> ...

Optimizing unit <PINTA_BARRAS> ...

Mapping all equations...
Building and optimizing final netlist ...
Found area constraint ratio of 100 (+ 5) on block VGA_Simple, actual ratio is 2.

Final Macro Processing ...

=========================================================================
Final Register Report

Macro Statistics
# Registers                                            : 45
 Flip-Flops                                            : 45

=========================================================================

=========================================================================
*                           Partition Report                            *
=========================================================================

Partition Implementation Status
-------------------------------

  No Partitions were found in this design.

-------------------------------

=========================================================================
*                            Design Summary                             *
=========================================================================

Top Level Output File Name         : VGA_Simple.ngc

Primitive and Black Box Usage:
------------------------------
# BELS                             : 115
#      INV                         : 4
#      LUT2                        : 11
#      LUT3                        : 14
#      LUT4                        : 17
#      LUT5                        : 21
#      LUT6                        : 46
#      MUXF7                       : 2
# FlipFlops/Latches                : 45
#      FD                          : 16
#      FDC                         : 8
#      FDCE                        : 6
#      FDE                         : 7
#      FDP                         : 2
#      FDPE                        : 4
#      FDR                         : 2
# Clock Buffers                    : 2
#      BUFG                        : 1
#      BUFGP                       : 1
# IO Buffers                       : 11
#      IBUF                        : 1
#      OBUF                        : 10

Device utilization summary:
---------------------------

Selected Device : 6slx9csg324-2 


Slice Logic Utilization: 
 Number of Slice Registers:              45  out of  11440     0%  
 Number of Slice LUTs:                  113  out of   5720     1%  
    Number used as Logic:               113  out of   5720     1%  

Slice Logic Distribution: 
 Number of LUT Flip Flop pairs used:    113
   Number with an unused Flip Flop:      68  out of    113    60%  
   Number with an unused LUT:             0  out of    113     0%  
   Number of fully used LUT-FF pairs:    45  out of    113    39%  
   Number of unique control sets:         6

IO Utilization: 
 Number of IOs:                          12
 Number of bonded IOBs:                  12  out of    200     6%  

Specific Feature Utilization:
 Number of BUFG/BUFGCTRLs:                2  out of     16    12%  

---------------------------
Partition Resource Summary:
---------------------------

  No Partitions were found in this design.

---------------------------


=========================================================================
Timing Report

NOTE: THESE TIMING NUMBERS ARE ONLY A SYNTHESIS ESTIMATE.
      FOR ACCURATE TIMING INFORMATION PLEASE REFER TO THE TRACE REPORT
      GENERATED AFTER PLACE-and-ROUTE.

Clock Information:
------------------
-----------------------------------+------------------------+-------+
Clock Signal                       | Clock buffer(FF name)  | Load  |
-----------------------------------+------------------------+-------+
clk_100Mhz                         | BUFGP                  | 2     |
Inst_Clock_divider/count_1         | BUFG                   | 43    |
-----------------------------------+------------------------+-------+

Asynchronous Control Signals Information:
----------------------------------------
No asynchronous control signals found in this design

Timing Summary:
---------------
Speed Grade: -2

   Minimum period: 5.036ns (Maximum Frequency: 198.570MHz)
   Minimum input arrival time before clock: 6.205ns
   Maximum output required time after clock: 11.527ns
   Maximum combinational path delay: No path found

Timing Details:
---------------
All values displayed in nanoseconds (ns)

=========================================================================
Timing constraint: Default period analysis for Clock 'clk_100Mhz'
  Clock period: 2.793ns (frequency: 358.038MHz)
  Total number of paths / destination ports: 7 / 4
-------------------------------------------------------------------------
Delay:               2.793ns (Levels of Logic = 1)
  Source:            Inst_Clock_divider/count_1 (FF)
  Destination:       Inst_Clock_divider/count_1 (FF)
  Source Clock:      clk_100Mhz rising
  Destination Clock: clk_100Mhz rising

  Data Path: Inst_Clock_divider/count_1 to Inst_Clock_divider/count_1
                                Gate     Net
    Cell:in->out      fanout   Delay   Delay  Logical Name (Net Name)
    ----------------------------------------  ------------
     FDR:C->Q              2   0.525   0.834  Inst_Clock_divider/count_1 (Inst_Clock_divider/count_1)
     LUT2:I0->O            2   0.250   0.725  Inst_Clock_divider/PWR_4_o_count[1]_equal_1_o<1>1 (Inst_Clock_divider/PWR_4_o_count[1]_equal_1_o)
     FDR:R                     0.459          Inst_Clock_divider/count_0
    ----------------------------------------
    Total                      2.793ns (1.234ns logic, 1.559ns route)
                                       (44.2% logic, 55.8% route)

=========================================================================
Timing constraint: Default period analysis for Clock 'Inst_Clock_divider/count_1'
  Clock period: 5.036ns (frequency: 198.570MHz)
  Total number of paths / destination ports: 766 / 57
-------------------------------------------------------------------------
Delay:               5.036ns (Levels of Logic = 3)
  Source:            Inst_VGA_Sync/nextHCount_4 (FF)
  Destination:       Inst_VGA_Sync/nextHCount_2 (FF)
  Source Clock:      Inst_Clock_divider/count_1 rising
  Destination Clock: Inst_Clock_divider/count_1 rising

  Data Path: Inst_VGA_Sync/nextHCount_4 to Inst_VGA_Sync/nextHCount_2
                                Gate     Net
    Cell:in->out      fanout   Delay   Delay  Logical Name (Net Name)
    ----------------------------------------  ------------
     FD:C->Q               5   0.525   1.271  Inst_VGA_Sync/nextHCount_4 (Inst_VGA_Sync/nextHCount_4)
     LUT6:I1->O            7   0.254   0.910  Inst_VGA_Sync/_n00671_SW0 (N10)
     LUT6:I5->O           11   0.254   1.494  Inst_VGA_Sync/_n00671 (Inst_VGA_Sync/_n00671)
     LUT6:I0->O            1   0.254   0.000  Inst_VGA_Sync/nextHCount_2_rstpot (Inst_VGA_Sync/nextHCount_2_rstpot)
     FD:D                      0.074          Inst_VGA_Sync/nextHCount_2
    ----------------------------------------
    Total                      5.036ns (1.361ns logic, 3.675ns route)
                                       (27.0% logic, 73.0% route)

=========================================================================
Timing constraint: Default OFFSET IN BEFORE for Clock 'Inst_Clock_divider/count_1'
  Total number of paths / destination ports: 59 / 43
-------------------------------------------------------------------------
Offset:              6.205ns (Levels of Logic = 4)
  Source:            reset_n (PAD)
  Destination:       Inst_VGA_Sync/nextHCount_2 (FF)
  Destination Clock: Inst_Clock_divider/count_1 rising

  Data Path: reset_n to Inst_VGA_Sync/nextHCount_2
                                Gate     Net
    Cell:in->out      fanout   Delay   Delay  Logical Name (Net Name)
    ----------------------------------------  ------------
     IBUF:I->O            16   1.328   1.637  reset_n_IBUF (reset_n_IBUF)
     LUT6:I0->O            7   0.254   0.910  Inst_VGA_Sync/_n00671_SW0 (N10)
     LUT6:I5->O           11   0.254   1.494  Inst_VGA_Sync/_n00671 (Inst_VGA_Sync/_n00671)
     LUT6:I0->O            1   0.254   0.000  Inst_VGA_Sync/nextHCount_2_rstpot (Inst_VGA_Sync/nextHCount_2_rstpot)
     FD:D                      0.074          Inst_VGA_Sync/nextHCount_2
    ----------------------------------------
    Total                      6.205ns (2.164ns logic, 4.041ns route)
                                       (34.9% logic, 65.1% route)

=========================================================================
Timing constraint: Default OFFSET OUT AFTER for Clock 'Inst_Clock_divider/count_1'
  Total number of paths / destination ports: 485 / 10
-------------------------------------------------------------------------
Offset:              11.527ns (Levels of Logic = 7)
  Source:            Inst_VGA_Sync/nextVCount_7 (FF)
  Destination:       Green<2> (PAD)
  Source Clock:      Inst_Clock_divider/count_1 rising

  Data Path: Inst_VGA_Sync/nextVCount_7 to Green<2>
                                Gate     Net
    Cell:in->out      fanout   Delay   Delay  Logical Name (Net Name)
    ----------------------------------------  ------------
     FDE:C->Q             12   0.525   1.524  Inst_VGA_Sync/nextVCount_7 (Inst_VGA_Sync/nextVCount_7)
     LUT6:I0->O            1   0.254   1.137  Inst_PINTA_BARRAS/Mmux_green22254 (Inst_PINTA_BARRAS/Mmux_green22254)
     LUT6:I0->O            1   0.254   0.910  Inst_PINTA_BARRAS/Mmux_green22255 (Inst_PINTA_BARRAS/Mmux_green22255)
     LUT5:I2->O            2   0.235   0.726  Inst_PINTA_BARRAS/Mmux_green22256 (Inst_PINTA_BARRAS/Mmux_green2225)
     LUT6:I5->O            5   0.254   0.841  Inst_PINTA_BARRAS/Mmux_blue22 (Inst_PINTA_BARRAS/Mmux_blue22)
     LUT6:I5->O            3   0.254   0.766  Inst_PINTA_BARRAS/Mmux_green23 (Inst_PINTA_BARRAS/Mmux_green23)
     LUT5:I4->O            1   0.254   0.681  Inst_PINTA_BARRAS/Mmux_green61 (Green_2_OBUF)
     OBUF:I->O                 2.912          Green_2_OBUF (Green<2>)
    ----------------------------------------
    Total                     11.527ns (4.942ns logic, 6.585ns route)
                                       (42.9% logic, 57.1% route)

=========================================================================

Cross Clock Domains Report:
--------------------------

Clock to Setup on destination clock Inst_Clock_divider/count_1
--------------------------+---------+---------+---------+---------+
                          | Src:Rise| Src:Fall| Src:Rise| Src:Fall|
Source Clock              |Dest:Rise|Dest:Rise|Dest:Fall|Dest:Fall|
--------------------------+---------+---------+---------+---------+
Inst_Clock_divider/count_1|    5.036|         |         |         |
--------------------------+---------+---------+---------+---------+

Clock to Setup on destination clock clk_100Mhz
---------------+---------+---------+---------+---------+
               | Src:Rise| Src:Fall| Src:Rise| Src:Fall|
Source Clock   |Dest:Rise|Dest:Rise|Dest:Fall|Dest:Fall|
---------------+---------+---------+---------+---------+
clk_100Mhz     |    2.793|         |         |         |
---------------+---------+---------+---------+---------+

=========================================================================


Total REAL time to Xst completion: 5.00 secs
Total CPU time to Xst completion: 5.68 secs
 
--> 

Total memory usage is 4502248 kilobytes

Number of errors   :    0 (   0 filtered)
Number of warnings :    0 (   0 filtered)
Number of infos    :    1 (   0 filtered)

