--------------------------------------------------------------------------------
Release 14.7 Trace  (nt64)
Copyright (c) 1995-2013 Xilinx, Inc.  All rights reserved.

D:\Xilinx\14.7\ISE_DS\ISE\bin\nt64\unwrapped\trce.exe -intstyle ise -v 3 -s 2
-n 3 -fastpaths -xml mips.twx mips.ncd -o mips.twr mips.pcf -ucf
User Constraints File.ucf

Design file:              mips.ncd
Physical constraint file: mips.pcf
Device,package,speed:     xc6slx9,csg324,C,-2 (PRODUCTION 1.23 2013-10-13)
Report level:             verbose report

Environment Variable      Effect 
--------------------      ------ 
NONE                      No environment variables were set
--------------------------------------------------------------------------------

INFO:Timing:3412 - To improve timing, see the Timing Closure User Guide (UG612).
INFO:Timing:2752 - To get complete path coverage, use the unconstrained paths 
   option. All paths that are not constrained will be reported in the 
   unconstrained paths section(s) of the report.
INFO:Timing:3339 - The clock-to-out numbers in this timing report are based on 
   a 50 Ohm transmission line loading model.  For the details of this model, 
   and for more information on accounting for different loading conditions, 
   please see the device datasheet.

================================================================================
Timing constraint: NET "clk100Mhz_BUFGP/IBUFG" PERIOD = 10 ns HIGH 50%;
For more information, see Period Analysis in the Timing Closure User Guide (UG612).

 7 paths analyzed, 5 endpoints analyzed, 0 failing endpoints
 0 timing errors detected. (0 setup errors, 0 hold errors, 0 component switching limit errors)
 Minimum period is   2.666ns.
--------------------------------------------------------------------------------

Paths for end point Inst_Clock_divider/count_0 (SLICE_X14Y29.SR), 2 paths
--------------------------------------------------------------------------------
Slack (setup path):     7.653ns (requirement - (data path - clock path skew + uncertainty))
  Source:               Inst_Clock_divider/count_0 (FF)
  Destination:          Inst_Clock_divider/count_0 (FF)
  Requirement:          10.000ns
  Data Path Delay:      2.312ns (Levels of Logic = 1)
  Clock Path Skew:      0.000ns
  Source Clock:         clk100Mhz_BUFGP rising at 0.000ns
  Destination Clock:    clk100Mhz_BUFGP rising at 10.000ns
  Clock Uncertainty:    0.035ns

  Clock Uncertainty:          0.035ns  ((TSJ^2 + TIJ^2)^1/2 + DJ) / 2 + PE
    Total System Jitter (TSJ):  0.070ns
    Total Input Jitter (TIJ):   0.000ns
    Discrete Jitter (DJ):       0.000ns
    Phase Error (PE):           0.000ns

  Maximum Data Path at Slow Process Corner: Inst_Clock_divider/count_0 to Inst_Clock_divider/count_0
    Location             Delay type         Delay(ns)  Physical Resource
                                                       Logical Resource(s)
    -------------------------------------------------  -------------------
    SLICE_X14Y29.BQ      Tcko                  0.476   Inst_Clock_divider/count<0>
                                                       Inst_Clock_divider/count_0
    SLICE_X14Y29.A2      net (fanout=2)        0.507   Inst_Clock_divider/count<0>
    SLICE_X14Y29.AMUX    Tilo                  0.298   Inst_Clock_divider/count<0>
                                                       Inst_Clock_divider/PWR_5_o_count[1]_equal_1_o<1>1
    SLICE_X14Y29.SR      net (fanout=1)        0.602   Inst_Clock_divider/PWR_5_o_count[1]_equal_1_o
    SLICE_X14Y29.CLK     Tsrck                 0.429   Inst_Clock_divider/count<0>
                                                       Inst_Clock_divider/count_0
    -------------------------------------------------  ---------------------------
    Total                                      2.312ns (1.203ns logic, 1.109ns route)
                                                       (52.0% logic, 48.0% route)

--------------------------------------------------------------------------------
Slack (setup path):     7.747ns (requirement - (data path - clock path skew + uncertainty))
  Source:               Inst_Clock_divider/count_1 (FF)
  Destination:          Inst_Clock_divider/count_0 (FF)
  Requirement:          10.000ns
  Data Path Delay:      2.218ns (Levels of Logic = 1)
  Clock Path Skew:      0.000ns
  Source Clock:         clk100Mhz_BUFGP rising at 0.000ns
  Destination Clock:    clk100Mhz_BUFGP rising at 10.000ns
  Clock Uncertainty:    0.035ns

  Clock Uncertainty:          0.035ns  ((TSJ^2 + TIJ^2)^1/2 + DJ) / 2 + PE
    Total System Jitter (TSJ):  0.070ns
    Total Input Jitter (TIJ):   0.000ns
    Discrete Jitter (DJ):       0.000ns
    Phase Error (PE):           0.000ns

  Maximum Data Path at Slow Process Corner: Inst_Clock_divider/count_1 to Inst_Clock_divider/count_0
    Location             Delay type         Delay(ns)  Physical Resource
                                                       Logical Resource(s)
    -------------------------------------------------  -------------------
    SLICE_X14Y29.AQ      Tcko                  0.476   Inst_Clock_divider/count<0>
                                                       Inst_Clock_divider/count_1
    SLICE_X14Y29.A5      net (fanout=2)        0.413   Inst_Clock_divider/count<1>
    SLICE_X14Y29.AMUX    Tilo                  0.298   Inst_Clock_divider/count<0>
                                                       Inst_Clock_divider/PWR_5_o_count[1]_equal_1_o<1>1
    SLICE_X14Y29.SR      net (fanout=1)        0.602   Inst_Clock_divider/PWR_5_o_count[1]_equal_1_o
    SLICE_X14Y29.CLK     Tsrck                 0.429   Inst_Clock_divider/count<0>
                                                       Inst_Clock_divider/count_0
    -------------------------------------------------  ---------------------------
    Total                                      2.218ns (1.203ns logic, 1.015ns route)
                                                       (54.2% logic, 45.8% route)

--------------------------------------------------------------------------------

Paths for end point Inst_Clock_divider/count_1 (SLICE_X14Y29.SR), 2 paths
--------------------------------------------------------------------------------
Slack (setup path):     7.664ns (requirement - (data path - clock path skew + uncertainty))
  Source:               Inst_Clock_divider/count_0 (FF)
  Destination:          Inst_Clock_divider/count_1 (FF)
  Requirement:          10.000ns
  Data Path Delay:      2.301ns (Levels of Logic = 1)
  Clock Path Skew:      0.000ns
  Source Clock:         clk100Mhz_BUFGP rising at 0.000ns
  Destination Clock:    clk100Mhz_BUFGP rising at 10.000ns
  Clock Uncertainty:    0.035ns

  Clock Uncertainty:          0.035ns  ((TSJ^2 + TIJ^2)^1/2 + DJ) / 2 + PE
    Total System Jitter (TSJ):  0.070ns
    Total Input Jitter (TIJ):   0.000ns
    Discrete Jitter (DJ):       0.000ns
    Phase Error (PE):           0.000ns

  Maximum Data Path at Slow Process Corner: Inst_Clock_divider/count_0 to Inst_Clock_divider/count_1
    Location             Delay type         Delay(ns)  Physical Resource
                                                       Logical Resource(s)
    -------------------------------------------------  -------------------
    SLICE_X14Y29.BQ      Tcko                  0.476   Inst_Clock_divider/count<0>
                                                       Inst_Clock_divider/count_0
    SLICE_X14Y29.A2      net (fanout=2)        0.507   Inst_Clock_divider/count<0>
    SLICE_X14Y29.AMUX    Tilo                  0.298   Inst_Clock_divider/count<0>
                                                       Inst_Clock_divider/PWR_5_o_count[1]_equal_1_o<1>1
    SLICE_X14Y29.SR      net (fanout=1)        0.602   Inst_Clock_divider/PWR_5_o_count[1]_equal_1_o
    SLICE_X14Y29.CLK     Tsrck                 0.418   Inst_Clock_divider/count<0>
                                                       Inst_Clock_divider/count_1
    -------------------------------------------------  ---------------------------
    Total                                      2.301ns (1.192ns logic, 1.109ns route)
                                                       (51.8% logic, 48.2% route)

--------------------------------------------------------------------------------
Slack (setup path):     7.758ns (requirement - (data path - clock path skew + uncertainty))
  Source:               Inst_Clock_divider/count_1 (FF)
  Destination:          Inst_Clock_divider/count_1 (FF)
  Requirement:          10.000ns
  Data Path Delay:      2.207ns (Levels of Logic = 1)
  Clock Path Skew:      0.000ns
  Source Clock:         clk100Mhz_BUFGP rising at 0.000ns
  Destination Clock:    clk100Mhz_BUFGP rising at 10.000ns
  Clock Uncertainty:    0.035ns

  Clock Uncertainty:          0.035ns  ((TSJ^2 + TIJ^2)^1/2 + DJ) / 2 + PE
    Total System Jitter (TSJ):  0.070ns
    Total Input Jitter (TIJ):   0.000ns
    Discrete Jitter (DJ):       0.000ns
    Phase Error (PE):           0.000ns

  Maximum Data Path at Slow Process Corner: Inst_Clock_divider/count_1 to Inst_Clock_divider/count_1
    Location             Delay type         Delay(ns)  Physical Resource
                                                       Logical Resource(s)
    -------------------------------------------------  -------------------
    SLICE_X14Y29.AQ      Tcko                  0.476   Inst_Clock_divider/count<0>
                                                       Inst_Clock_divider/count_1
    SLICE_X14Y29.A5      net (fanout=2)        0.413   Inst_Clock_divider/count<1>
    SLICE_X14Y29.AMUX    Tilo                  0.298   Inst_Clock_divider/count<0>
                                                       Inst_Clock_divider/PWR_5_o_count[1]_equal_1_o<1>1
    SLICE_X14Y29.SR      net (fanout=1)        0.602   Inst_Clock_divider/PWR_5_o_count[1]_equal_1_o
    SLICE_X14Y29.CLK     Tsrck                 0.418   Inst_Clock_divider/count<0>
                                                       Inst_Clock_divider/count_1
    -------------------------------------------------  ---------------------------
    Total                                      2.207ns (1.192ns logic, 1.015ns route)
                                                       (54.0% logic, 46.0% route)

--------------------------------------------------------------------------------

Paths for end point Inst_Clock_divider/count_1 (SLICE_X14Y29.A2), 1 path
--------------------------------------------------------------------------------
Slack (setup path):     8.633ns (requirement - (data path - clock path skew + uncertainty))
  Source:               Inst_Clock_divider/count_0 (FF)
  Destination:          Inst_Clock_divider/count_1 (FF)
  Requirement:          10.000ns
  Data Path Delay:      1.332ns (Levels of Logic = 1)
  Clock Path Skew:      0.000ns
  Source Clock:         clk100Mhz_BUFGP rising at 0.000ns
  Destination Clock:    clk100Mhz_BUFGP rising at 10.000ns
  Clock Uncertainty:    0.035ns

  Clock Uncertainty:          0.035ns  ((TSJ^2 + TIJ^2)^1/2 + DJ) / 2 + PE
    Total System Jitter (TSJ):  0.070ns
    Total Input Jitter (TIJ):   0.000ns
    Discrete Jitter (DJ):       0.000ns
    Phase Error (PE):           0.000ns

  Maximum Data Path at Slow Process Corner: Inst_Clock_divider/count_0 to Inst_Clock_divider/count_1
    Location             Delay type         Delay(ns)  Physical Resource
                                                       Logical Resource(s)
    -------------------------------------------------  -------------------
    SLICE_X14Y29.BQ      Tcko                  0.476   Inst_Clock_divider/count<0>
                                                       Inst_Clock_divider/count_0
    SLICE_X14Y29.A2      net (fanout=2)        0.507   Inst_Clock_divider/count<0>
    SLICE_X14Y29.CLK     Tas                   0.349   Inst_Clock_divider/count<0>
                                                       Inst_Clock_divider/Mcount_count_xor<1>11
                                                       Inst_Clock_divider/count_1
    -------------------------------------------------  ---------------------------
    Total                                      1.332ns (0.825ns logic, 0.507ns route)
                                                       (61.9% logic, 38.1% route)

--------------------------------------------------------------------------------

Hold Paths: NET "clk100Mhz_BUFGP/IBUFG" PERIOD = 10 ns HIGH 50%;
--------------------------------------------------------------------------------

Paths for end point Inst_Clock_divider/count_0 (SLICE_X14Y29.B5), 1 path
--------------------------------------------------------------------------------
Slack (hold path):      0.468ns (requirement - (clock path skew + uncertainty - data path))
  Source:               Inst_Clock_divider/count_0 (FF)
  Destination:          Inst_Clock_divider/count_0 (FF)
  Requirement:          0.000ns
  Data Path Delay:      0.468ns (Levels of Logic = 1)
  Clock Path Skew:      0.000ns
  Source Clock:         clk100Mhz_BUFGP rising at 10.000ns
  Destination Clock:    clk100Mhz_BUFGP rising at 10.000ns
  Clock Uncertainty:    0.000ns

  Minimum Data Path at Fast Process Corner: Inst_Clock_divider/count_0 to Inst_Clock_divider/count_0
    Location             Delay type         Delay(ns)  Physical Resource
                                                       Logical Resource(s)
    -------------------------------------------------  -------------------
    SLICE_X14Y29.BQ      Tcko                  0.200   Inst_Clock_divider/count<0>
                                                       Inst_Clock_divider/count_0
    SLICE_X14Y29.B5      net (fanout=2)        0.078   Inst_Clock_divider/count<0>
    SLICE_X14Y29.CLK     Tah         (-Th)    -0.190   Inst_Clock_divider/count<0>
                                                       Inst_Clock_divider/Mcount_count_xor<0>11_INV_0
                                                       Inst_Clock_divider/count_0
    -------------------------------------------------  ---------------------------
    Total                                      0.468ns (0.390ns logic, 0.078ns route)
                                                       (83.3% logic, 16.7% route)

--------------------------------------------------------------------------------

Paths for end point Inst_Clock_divider/count_1 (SLICE_X14Y29.A5), 1 path
--------------------------------------------------------------------------------
Slack (hold path):      0.575ns (requirement - (clock path skew + uncertainty - data path))
  Source:               Inst_Clock_divider/count_1 (FF)
  Destination:          Inst_Clock_divider/count_1 (FF)
  Requirement:          0.000ns
  Data Path Delay:      0.575ns (Levels of Logic = 1)
  Clock Path Skew:      0.000ns
  Source Clock:         clk100Mhz_BUFGP rising at 10.000ns
  Destination Clock:    clk100Mhz_BUFGP rising at 10.000ns
  Clock Uncertainty:    0.000ns

  Minimum Data Path at Fast Process Corner: Inst_Clock_divider/count_1 to Inst_Clock_divider/count_1
    Location             Delay type         Delay(ns)  Physical Resource
                                                       Logical Resource(s)
    -------------------------------------------------  -------------------
    SLICE_X14Y29.AQ      Tcko                  0.200   Inst_Clock_divider/count<0>
                                                       Inst_Clock_divider/count_1
    SLICE_X14Y29.A5      net (fanout=2)        0.185   Inst_Clock_divider/count<1>
    SLICE_X14Y29.CLK     Tah         (-Th)    -0.190   Inst_Clock_divider/count<0>
                                                       Inst_Clock_divider/Mcount_count_xor<1>11
                                                       Inst_Clock_divider/count_1
    -------------------------------------------------  ---------------------------
    Total                                      0.575ns (0.390ns logic, 0.185ns route)
                                                       (67.8% logic, 32.2% route)

--------------------------------------------------------------------------------

Paths for end point Inst_Clock_divider/count_1 (SLICE_X14Y29.A2), 1 path
--------------------------------------------------------------------------------
Slack (hold path):      0.637ns (requirement - (clock path skew + uncertainty - data path))
  Source:               Inst_Clock_divider/count_0 (FF)
  Destination:          Inst_Clock_divider/count_1 (FF)
  Requirement:          0.000ns
  Data Path Delay:      0.637ns (Levels of Logic = 1)
  Clock Path Skew:      0.000ns
  Source Clock:         clk100Mhz_BUFGP rising at 10.000ns
  Destination Clock:    clk100Mhz_BUFGP rising at 10.000ns
  Clock Uncertainty:    0.000ns

  Minimum Data Path at Fast Process Corner: Inst_Clock_divider/count_0 to Inst_Clock_divider/count_1
    Location             Delay type         Delay(ns)  Physical Resource
                                                       Logical Resource(s)
    -------------------------------------------------  -------------------
    SLICE_X14Y29.BQ      Tcko                  0.200   Inst_Clock_divider/count<0>
                                                       Inst_Clock_divider/count_0
    SLICE_X14Y29.A2      net (fanout=2)        0.247   Inst_Clock_divider/count<0>
    SLICE_X14Y29.CLK     Tah         (-Th)    -0.190   Inst_Clock_divider/count<0>
                                                       Inst_Clock_divider/Mcount_count_xor<1>11
                                                       Inst_Clock_divider/count_1
    -------------------------------------------------  ---------------------------
    Total                                      0.637ns (0.390ns logic, 0.247ns route)
                                                       (61.2% logic, 38.8% route)

--------------------------------------------------------------------------------

Component Switching Limit Checks: NET "clk100Mhz_BUFGP/IBUFG" PERIOD = 10 ns HIGH 50%;
--------------------------------------------------------------------------------
Slack: 7.334ns (period - min period limit)
  Period: 10.000ns
  Min period limit: 2.666ns (375.094MHz) (Tbcper_I)
  Physical resource: clk100Mhz_BUFGP/BUFG/I0
  Logical resource: clk100Mhz_BUFGP/BUFG/I0
  Location pin: BUFGMUX_X3Y13.I0
  Clock network: clk100Mhz_BUFGP/IBUFG
--------------------------------------------------------------------------------
Slack: 9.525ns (period - min period limit)
  Period: 10.000ns
  Min period limit: 0.475ns (2105.263MHz) (Tcp)
  Physical resource: Inst_Clock_divider/count<0>/CLK
  Logical resource: Inst_Clock_divider/count_1/CK
  Location pin: SLICE_X14Y29.CLK
  Clock network: clk100Mhz_BUFGP
--------------------------------------------------------------------------------
Slack: 9.525ns (period - min period limit)
  Period: 10.000ns
  Min period limit: 0.475ns (2105.263MHz) (Tcp)
  Physical resource: Inst_Clock_divider/count<0>/CLK
  Logical resource: Inst_Clock_divider/count_0/CK
  Location pin: SLICE_X14Y29.CLK
  Clock network: clk100Mhz_BUFGP
--------------------------------------------------------------------------------


All constraints were met.


Data Sheet report:
-----------------
All values displayed in nanoseconds (ns)

Clock to Setup on destination clock clk100Mhz
---------------+---------+---------+---------+---------+
               | Src:Rise| Src:Fall| Src:Rise| Src:Fall|
Source Clock   |Dest:Rise|Dest:Rise|Dest:Fall|Dest:Fall|
---------------+---------+---------+---------+---------+
clk100Mhz      |    2.347|         |         |         |
---------------+---------+---------+---------+---------+


Timing summary:
---------------

Timing errors: 0  Score: 0  (Setup/Max: 0, Hold: 0)

Constraints cover 7 paths, 0 nets, and 6 connections

Design statistics:
   Minimum period:   2.666ns{1}   (Maximum frequency: 375.094MHz)


------------------------------------Footnotes-----------------------------------
1)  The minimum period statistic assumes all single cycle delays.

Analysis completed Tue Oct 20 19:35:57 2020 
--------------------------------------------------------------------------------

Trace Settings:
-------------------------
Trace Settings 

Peak Memory Usage: 4589 MB



