Release 14.7 - xst P.20131013 (nt64)
Copyright (c) 1995-2013 Xilinx, Inc.  All rights reserved.
--> Parameter TMPDIR set to xst/projnav.tmp


Total REAL time to Xst completion: 0.00 secs
Total CPU time to Xst completion: 0.10 secs
 
--> Parameter xsthdpdir set to xst


Total REAL time to Xst completion: 0.00 secs
Total CPU time to Xst completion: 0.11 secs
 
--> Reading design: mmioVGA.prj

TABLE OF CONTENTS
  1) Synthesis Options Summary
  2) HDL Parsing
  3) HDL Elaboration
  4) HDL Synthesis
       4.1) HDL Synthesis Report
  5) Advanced HDL Synthesis
       5.1) Advanced HDL Synthesis Report
  6) Low Level Synthesis
  7) Partition Report
  8) Design Summary
       8.1) Primitive and Black Box Usage
       8.2) Device utilization summary
       8.3) Partition Resource Summary
       8.4) Timing Report
            8.4.1) Clock Information
            8.4.2) Asynchronous Control Signals Information
            8.4.3) Timing Summary
            8.4.4) Timing Details
            8.4.5) Cross Clock Domains Report


=========================================================================
*                      Synthesis Options Summary                        *
=========================================================================
---- Source Parameters
Input File Name                    : "mmioVGA.prj"
Ignore Synthesis Constraint File   : NO

---- Target Parameters
Output File Name                   : "mmioVGA"
Output Format                      : NGC
Target Device                      : xc6slx9-2-csg324

---- Source Options
Top Module Name                    : mmioVGA
Automatic FSM Extraction           : YES
FSM Encoding Algorithm             : Auto
Safe Implementation                : No
FSM Style                          : LUT
RAM Extraction                     : Yes
RAM Style                          : Auto
ROM Extraction                     : Yes
Shift Register Extraction          : YES
ROM Style                          : Auto
Resource Sharing                   : YES
Asynchronous To Synchronous        : NO
Shift Register Minimum Size        : 2
Use DSP Block                      : Auto
Automatic Register Balancing       : No

---- Target Options
LUT Combining                      : Auto
Reduce Control Sets                : Auto
Add IO Buffers                     : YES
Global Maximum Fanout              : 100000
Add Generic Clock Buffer(BUFG)     : 16
Register Duplication               : YES
Optimize Instantiated Primitives   : NO
Use Clock Enable                   : Auto
Use Synchronous Set                : Auto
Use Synchronous Reset              : Auto
Pack IO Registers into IOBs        : Auto
Equivalent register Removal        : YES

---- General Options
Optimization Goal                  : Speed
Optimization Effort                : 1
Power Reduction                    : NO
Keep Hierarchy                     : No
Netlist Hierarchy                  : As_Optimized
RTL Output                         : Yes
Global Optimization                : AllClockNets
Read Cores                         : YES
Write Timing Constraints           : NO
Cross Clock Analysis               : NO
Hierarchy Separator                : /
Bus Delimiter                      : <>
Case Specifier                     : Maintain
Slice Utilization Ratio            : 100
BRAM Utilization Ratio             : 100
DSP48 Utilization Ratio            : 100
Auto BRAM Packing                  : NO
Slice Utilization Ratio Delta      : 5

=========================================================================


=========================================================================
*                          HDL Parsing                                  *
=========================================================================
Parsing VHDL file "D:\GitHubRepos\TPSD2\MIPSPrueba\VGA_Sync.vhd" into library work
Parsing entity <VGA_Sync>.
Parsing architecture <Behavioral> of entity <vga_sync>.
Parsing VHDL file "D:\GitHubRepos\TPSD2\MIPSPrueba\RAM.vhd" into library work
Parsing entity <RAM>.
Parsing architecture <Behavioral> of entity <ram>.
Parsing VHDL file "D:\GitHubRepos\TPSD2\MIPSPrueba\Pinta_IMG.vhd" into library work
Parsing entity <Pinta_IMG>.
Parsing architecture <behavioral> of entity <pinta_img>.
Parsing VHDL file "D:\GitHubRepos\TPSD2\MIPSPrueba\mmioVGA.vhd" into library work
Parsing entity <mmioVGA>.
Parsing architecture <Behavioral> of entity <mmiovga>.

=========================================================================
*                            HDL Elaboration                            *
=========================================================================

Elaborating entity <mmioVGA> (architecture <Behavioral>) from library <work>.

Elaborating entity <Pinta_IMG> (architecture <behavioral>) from library <work>.

Elaborating entity <VGA_Sync> (architecture <Behavioral>) from library <work>.

Elaborating entity <RAM> (architecture <Behavioral>) from library <work>.

=========================================================================
*                           HDL Synthesis                               *
=========================================================================

Synthesizing Unit <mmioVGA>.
    Related source file is "D:\GitHubRepos\TPSD2\MIPSPrueba\mmioVGA.vhd".
    Summary:
	no macro.
Unit <mmioVGA> synthesized.

Synthesizing Unit <Pinta_IMG>.
    Related source file is "D:\GitHubRepos\TPSD2\MIPSPrueba\Pinta_IMG.vhd".
    Found 12-bit adder for signal <n0014> created at line 57.
    Summary:
	inferred   1 Adder/Subtractor(s).
	inferred   4 Multiplexer(s).
Unit <Pinta_IMG> synthesized.

Synthesizing Unit <div_10u_8u>.
    Related source file is "".
    Found 18-bit adder for signal <n0385> created at line 0.
    Found 18-bit adder for signal <GND_6_o_b[7]_add_1_OUT> created at line 0.
    Found 17-bit adder for signal <n0389> created at line 0.
    Found 17-bit adder for signal <GND_6_o_b[7]_add_3_OUT> created at line 0.
    Found 16-bit adder for signal <n0393> created at line 0.
    Found 16-bit adder for signal <GND_6_o_b[7]_add_5_OUT> created at line 0.
    Found 15-bit adder for signal <n0397> created at line 0.
    Found 15-bit adder for signal <GND_6_o_b[7]_add_7_OUT> created at line 0.
    Found 14-bit adder for signal <n0401> created at line 0.
    Found 14-bit adder for signal <GND_6_o_b[7]_add_9_OUT> created at line 0.
    Found 13-bit adder for signal <n0405> created at line 0.
    Found 13-bit adder for signal <GND_6_o_b[7]_add_11_OUT> created at line 0.
    Found 12-bit adder for signal <n0409> created at line 0.
    Found 12-bit adder for signal <GND_6_o_b[7]_add_13_OUT> created at line 0.
    Found 11-bit adder for signal <n0413> created at line 0.
    Found 11-bit adder for signal <GND_6_o_b[7]_add_15_OUT> created at line 0.
    Found 10-bit adder for signal <n0417> created at line 0.
    Found 10-bit adder for signal <a[9]_b[7]_add_17_OUT[9:0]> created at line 0.
    Found 10-bit adder for signal <n0421> created at line 0.
    Found 10-bit adder for signal <a[9]_GND_6_o_add_19_OUT[9:0]> created at line 0.
    Found 18-bit comparator lessequal for signal <BUS_0001> created at line 0
    Found 17-bit comparator lessequal for signal <BUS_0002> created at line 0
    Found 16-bit comparator lessequal for signal <BUS_0003> created at line 0
    Found 15-bit comparator lessequal for signal <BUS_0004> created at line 0
    Found 14-bit comparator lessequal for signal <BUS_0005> created at line 0
    Found 13-bit comparator lessequal for signal <BUS_0006> created at line 0
    Found 12-bit comparator lessequal for signal <BUS_0007> created at line 0
    Found 11-bit comparator lessequal for signal <BUS_0008> created at line 0
    Found 10-bit comparator lessequal for signal <BUS_0009> created at line 0
    Found 10-bit comparator lessequal for signal <BUS_0010> created at line 0
    Found 10-bit comparator lessequal for signal <BUS_0011> created at line 0
    Summary:
	inferred  20 Adder/Subtractor(s).
	inferred  11 Comparator(s).
	inferred  73 Multiplexer(s).
Unit <div_10u_8u> synthesized.

Synthesizing Unit <VGA_Sync>.
    Related source file is "D:\GitHubRepos\TPSD2\MIPSPrueba\VGA_Sync.vhd".
    Found 10-bit register for signal <vCount>.
    Found 10-bit register for signal <hCount>.
    Found 10-bit register for signal <nextHCount>.
    Found 10-bit register for signal <nextVCount>.
    Found 1-bit register for signal <VSync>.
    Found 1-bit register for signal <HSync>.
    Found 1-bit register for signal <video_on>.
    Found 10-bit adder for signal <vCount[9]_GND_7_o_add_2_OUT> created at line 69.
    Found 10-bit adder for signal <hCount[9]_GND_7_o_add_11_OUT> created at line 83.
    Found 10-bit comparator lessequal for signal <n0013> created at line 86
    Found 10-bit comparator greater for signal <vCount[9]_GND_7_o_LessThan_16_o> created at line 86
    Found 10-bit comparator lessequal for signal <n0018> created at line 92
    Found 10-bit comparator greater for signal <hCount[9]_PWR_7_o_LessThan_18_o> created at line 92
    Found 10-bit comparator greater for signal <hCount[9]_PWR_7_o_LessThan_19_o> created at line 98
    Found 10-bit comparator greater for signal <vCount[9]_GND_7_o_LessThan_20_o> created at line 98
    Summary:
	inferred   2 Adder/Subtractor(s).
	inferred  43 D-type flip-flop(s).
	inferred   6 Comparator(s).
	inferred   2 Multiplexer(s).
Unit <VGA_Sync> synthesized.

Synthesizing Unit <RAM>.
    Related source file is "D:\GitHubRepos\TPSD2\MIPSPrueba\RAM.vhd".
    Found 8x8-bit dual-port RAM <Mram_memRW> for signal <memRW>.
    Found 3-bit comparator not equal for signal <dir_match> created at line 55
    Summary:
	inferred   1 RAM(s).
	inferred   1 Comparator(s).
	inferred   3 Multiplexer(s).
Unit <RAM> synthesized.

=========================================================================
HDL Synthesis Report

Macro Statistics
# RAMs                                                 : 1
 8x8-bit dual-port RAM                                 : 1
# Adders/Subtractors                                   : 43
 10-bit adder                                          : 10
 11-bit adder                                          : 4
 12-bit adder                                          : 5
 13-bit adder                                          : 4
 14-bit adder                                          : 4
 15-bit adder                                          : 4
 16-bit adder                                          : 4
 17-bit adder                                          : 4
 18-bit adder                                          : 4
# Registers                                            : 7
 1-bit register                                        : 3
 10-bit register                                       : 4
# Comparators                                          : 29
 10-bit comparator greater                             : 4
 10-bit comparator lessequal                           : 8
 11-bit comparator lessequal                           : 2
 12-bit comparator lessequal                           : 2
 13-bit comparator lessequal                           : 2
 14-bit comparator lessequal                           : 2
 15-bit comparator lessequal                           : 2
 16-bit comparator lessequal                           : 2
 17-bit comparator lessequal                           : 2
 18-bit comparator lessequal                           : 2
 3-bit comparator not equal                            : 1
# Multiplexers                                         : 155
 1-bit 2-to-1 multiplexer                              : 140
 10-bit 2-to-1 multiplexer                             : 8
 2-bit 2-to-1 multiplexer                              : 1
 3-bit 2-to-1 multiplexer                              : 3
 8-bit 2-to-1 multiplexer                              : 3

=========================================================================

=========================================================================
*                       Advanced HDL Synthesis                          *
=========================================================================


Synthesizing (advanced) Unit <RAM>.
INFO:Xst:3218 - HDL ADVISOR - The RAM <Mram_memRW> will be implemented on LUTs either because you have described an asynchronous read or because of currently unsupported block RAM features. If you have described an asynchronous read, making it synchronous would allow you to take advantage of available block RAM resources, for optimized device usage and improved timings. Please refer to your documentation for coding guidelines.
    -----------------------------------------------------------------------
    | ram_type           | Distributed                         |          |
    -----------------------------------------------------------------------
    | Port A                                                              |
    |     aspect ratio   | 8-word x 8-bit                      |          |
    |     clkA           | connected to signal <clk>           | rise     |
    |     weA            | connected to internal node          | high     |
    |     addrA          | connected to signal <addressMips>   |          |
    |     diA            | connected to signal <dataIn>        |          |
    |     doA            | connected to internal node          |          |
    -----------------------------------------------------------------------
    | Port B                                                              |
    |     aspect ratio   | 8-word x 8-bit                      |          |
    |     addrB          | connected to signal <addressVGA>    |          |
    |     doB            | connected to internal node          |          |
    -----------------------------------------------------------------------
Unit <RAM> synthesized (advanced).

=========================================================================
Advanced HDL Synthesis Report

Macro Statistics
# RAMs                                                 : 1
 8x8-bit dual-port distributed RAM                     : 1
# Adders/Subtractors                                   : 23
 10-bit adder                                          : 2
 10-bit adder carry in                                 : 20
 3-bit adder                                           : 1
# Registers                                            : 43
 Flip-Flops                                            : 43
# Comparators                                          : 29
 10-bit comparator greater                             : 4
 10-bit comparator lessequal                           : 8
 11-bit comparator lessequal                           : 2
 12-bit comparator lessequal                           : 2
 13-bit comparator lessequal                           : 2
 14-bit comparator lessequal                           : 2
 15-bit comparator lessequal                           : 2
 16-bit comparator lessequal                           : 2
 17-bit comparator lessequal                           : 2
 18-bit comparator lessequal                           : 2
 3-bit comparator not equal                            : 1
# Multiplexers                                         : 155
 1-bit 2-to-1 multiplexer                              : 140
 10-bit 2-to-1 multiplexer                             : 8
 2-bit 2-to-1 multiplexer                              : 1
 3-bit 2-to-1 multiplexer                              : 3
 8-bit 2-to-1 multiplexer                              : 3

=========================================================================

=========================================================================
*                         Low Level Synthesis                           *
=========================================================================

Optimizing unit <mmioVGA> ...

Optimizing unit <RAM> ...

Mapping all equations...
Building and optimizing final netlist ...
Found area constraint ratio of 100 (+ 5) on block mmioVGA, actual ratio is 1.

Final Macro Processing ...

=========================================================================
Final Register Report

Macro Statistics
# Registers                                            : 43
 Flip-Flops                                            : 43

=========================================================================

=========================================================================
*                           Partition Report                            *
=========================================================================

Partition Implementation Status
-------------------------------

  No Partitions were found in this design.

-------------------------------

=========================================================================
*                            Design Summary                             *
=========================================================================

Top Level Output File Name         : mmioVGA.ngc

Primitive and Black Box Usage:
------------------------------
# BELS                             : 99
#      GND                         : 1
#      INV                         : 3
#      LUT2                        : 10
#      LUT3                        : 14
#      LUT4                        : 24
#      LUT5                        : 12
#      LUT6                        : 34
#      MUXF7                       : 1
# FlipFlops/Latches                : 43
#      FD                          : 19
#      FDC                         : 8
#      FDCE                        : 6
#      FDE                         : 3
#      FDP                         : 2
#      FDPE                        : 4
#      FDR                         : 1
# RAMS                             : 8
#      RAM16X1D                    : 8
# Clock Buffers                    : 1
#      BUFGP                       : 1
# IO Buffers                       : 33
#      IBUF                        : 15
#      OBUF                        : 18

Device utilization summary:
---------------------------

Selected Device : 6slx9csg324-2 


Slice Logic Utilization: 
 Number of Slice Registers:              43  out of  11440     0%  
 Number of Slice LUTs:                  113  out of   5720     1%  
    Number used as Logic:                97  out of   5720     1%  
    Number used as Memory:               16  out of   1440     1%  
       Number used as RAM:               16

Slice Logic Distribution: 
 Number of LUT Flip Flop pairs used:    113
   Number with an unused Flip Flop:      70  out of    113    61%  
   Number with an unused LUT:             0  out of    113     0%  
   Number of fully used LUT-FF pairs:    43  out of    113    38%  
   Number of unique control sets:         5

IO Utilization: 
 Number of IOs:                          34
 Number of bonded IOBs:                  34  out of    200    17%  

Specific Feature Utilization:
 Number of BUFG/BUFGCTRLs:                1  out of     16     6%  

---------------------------
Partition Resource Summary:
---------------------------

  No Partitions were found in this design.

---------------------------


=========================================================================
Timing Report

NOTE: THESE TIMING NUMBERS ARE ONLY A SYNTHESIS ESTIMATE.
      FOR ACCURATE TIMING INFORMATION PLEASE REFER TO THE TRACE REPORT
      GENERATED AFTER PLACE-and-ROUTE.

Clock Information:
------------------
-----------------------------------+------------------------+-------+
Clock Signal                       | Clock buffer(FF name)  | Load  |
-----------------------------------+------------------------+-------+
clk                                | BUFGP                  | 51    |
-----------------------------------+------------------------+-------+

Asynchronous Control Signals Information:
----------------------------------------
No asynchronous control signals found in this design

Timing Summary:
---------------
Speed Grade: -2

   Minimum period: 5.043ns (Maximum Frequency: 198.295MHz)
   Minimum input arrival time before clock: 6.648ns
   Maximum output required time after clock: 9.345ns
   Maximum combinational path delay: 9.375ns

Timing Details:
---------------
All values displayed in nanoseconds (ns)

=========================================================================
Timing constraint: Default period analysis for Clock 'clk'
  Clock period: 5.043ns (frequency: 198.295MHz)
  Total number of paths / destination ports: 974 / 78
-------------------------------------------------------------------------
Delay:               5.043ns (Levels of Logic = 3)
  Source:            Inst_VGA/nextHCount_3 (FF)
  Destination:       Inst_VGA/nextHCount_6 (FF)
  Source Clock:      clk rising
  Destination Clock: clk rising

  Data Path: Inst_VGA/nextHCount_3 to Inst_VGA/nextHCount_6
                                Gate     Net
    Cell:in->out      fanout   Delay   Delay  Logical Name (Net Name)
    ----------------------------------------  ------------
     FD:C->Q               2   0.525   1.156  Inst_VGA/nextHCount_3 (Inst_VGA/nextHCount_3)
     LUT6:I1->O            8   0.254   0.944  Inst_VGA/_n00671_SW0 (N01)
     LUT6:I5->O           14   0.254   1.582  Inst_VGA/_n00671 (Inst_VGA/_n00671)
     LUT6:I0->O            1   0.254   0.000  Inst_VGA/nextHCount_6_rstpot (Inst_VGA/nextHCount_6_rstpot)
     FD:D                      0.074          Inst_VGA/nextHCount_6
    ----------------------------------------
    Total                      5.043ns (1.361ns logic, 3.682ns route)
                                       (27.0% logic, 73.0% route)

=========================================================================
Timing constraint: Default OFFSET IN BEFORE for Clock 'clk'
  Total number of paths / destination ports: 111 / 84
-------------------------------------------------------------------------
Offset:              6.648ns (Levels of Logic = 4)
  Source:            reset (PAD)
  Destination:       Inst_VGA/nextHCount_6 (FF)
  Destination Clock: clk rising

  Data Path: reset to Inst_VGA/nextHCount_6
                                Gate     Net
    Cell:in->out      fanout   Delay   Delay  Logical Name (Net Name)
    ----------------------------------------  ------------
     IBUF:I->O            31   1.328   1.958  reset_IBUF (res_inv)
     LUT6:I0->O            8   0.254   0.944  Inst_VGA/_n00671_SW0 (N01)
     LUT6:I5->O           14   0.254   1.582  Inst_VGA/_n00671 (Inst_VGA/_n00671)
     LUT6:I0->O            1   0.254   0.000  Inst_VGA/nextHCount_6_rstpot (Inst_VGA/nextHCount_6_rstpot)
     FD:D                      0.074          Inst_VGA/nextHCount_6
    ----------------------------------------
    Total                      6.648ns (2.164ns logic, 4.484ns route)
                                       (32.5% logic, 67.5% route)

=========================================================================
Timing constraint: Default OFFSET OUT AFTER for Clock 'clk'
  Total number of paths / destination ports: 362 / 18
-------------------------------------------------------------------------
Offset:              9.345ns (Levels of Logic = 5)
  Source:            Inst_VGA/nextVCount_8 (FF)
  Destination:       Red<2> (PAD)
  Source Clock:      clk rising

  Data Path: Inst_VGA/nextVCount_8 to Red<2>
                                Gate     Net
    Cell:in->out      fanout   Delay   Delay  Logical Name (Net Name)
    ----------------------------------------  ------------
     FDR:C->Q              3   0.525   1.221  Inst_VGA/nextVCount_8 (Inst_VGA/nextVCount_8)
     LUT6:I0->O            2   0.254   1.156  Inst_Pinta_IMG/Mmux_dirMem31 (Inst_Pinta_IMG/Mmux_dirMem3)
     LUT6:I1->O            1   0.254   0.790  Ins_RAM/memWrite_memWrite_OR_12_o_SW0 (N10)
     LUT6:I4->O            8   0.250   1.052  Ins_RAM/memWrite_memWrite_OR_12_o (Ins_RAM/memWrite_memWrite_OR_12_o)
     LUT4:I2->O            1   0.250   0.681  Inst_Pinta_IMG/Mmux_blue21 (Blue_1_OBUF)
     OBUF:I->O                 2.912          Blue_1_OBUF (Blue<1>)
    ----------------------------------------
    Total                      9.345ns (4.445ns logic, 4.900ns route)
                                       (47.6% logic, 52.4% route)

=========================================================================
Timing constraint: Default path analysis
  Total number of paths / destination ports: 80 / 16
-------------------------------------------------------------------------
Delay:               9.375ns (Levels of Logic = 5)
  Source:            addressMIPS<2> (PAD)
  Destination:       Red<2> (PAD)

  Data Path: addressMIPS<2> to Red<2>
                                Gate     Net
    Cell:in->out      fanout   Delay   Delay  Logical Name (Net Name)
    ----------------------------------------  ------------
     IBUF:I->O            25   1.328   1.858  addressMIPS_2_IBUF (addressMIPS_2_IBUF)
     LUT6:I0->O            1   0.254   0.790  Ins_RAM/memWrite_memWrite_OR_12_o_SW0 (N10)
     LUT6:I4->O            8   0.250   1.052  Ins_RAM/memWrite_memWrite_OR_12_o (Ins_RAM/memWrite_memWrite_OR_12_o)
     LUT4:I2->O            1   0.250   0.681  Inst_Pinta_IMG/Mmux_blue21 (Blue_1_OBUF)
     OBUF:I->O                 2.912          Blue_1_OBUF (Blue<1>)
    ----------------------------------------
    Total                      9.375ns (4.994ns logic, 4.381ns route)
                                       (53.3% logic, 46.7% route)

=========================================================================

Cross Clock Domains Report:
--------------------------

Clock to Setup on destination clock clk
---------------+---------+---------+---------+---------+
               | Src:Rise| Src:Fall| Src:Rise| Src:Fall|
Source Clock   |Dest:Rise|Dest:Rise|Dest:Fall|Dest:Fall|
---------------+---------+---------+---------+---------+
clk            |    5.043|         |         |         |
---------------+---------+---------+---------+---------+

=========================================================================


Total REAL time to Xst completion: 6.00 secs
Total CPU time to Xst completion: 6.18 secs
 
--> 

Total memory usage is 4502248 kilobytes

Number of errors   :    0 (   0 filtered)
Number of warnings :    0 (   0 filtered)
Number of infos    :    1 (   0 filtered)

