Release 14.7 Map P.20131013 (nt64)
Xilinx Mapping Report File for Design 'PruebaVGARAM'

Design Information
------------------
Command Line   : map -intstyle ise -p xa6slx9-csg324-2 -w -logic_opt off -ol
high -t 1 -xt 0 -register_duplication off -r 4 -global_opt off -mt off -ir off
-pr off -lc off -power off -o PruebaVGARAM_map.ncd PruebaVGARAM.ngd
PruebaVGARAM.pcf 
Target Device  : xa6slx9
Target Package : csg324
Target Speed   : -2
Mapper Version : aspartan6 -- $Revision: 1.55 $
Mapped Date    : Thu Oct 15 19:50:11 2020

Design Summary
--------------
Number of errors:      0
Number of warnings:    0
Slice Logic Utilization:
  Number of Slice Registers:                    45 out of  11,440    1%
    Number used as Flip Flops:                  45
    Number used as Latches:                      0
    Number used as Latch-thrus:                  0
    Number used as AND/OR logics:                0
  Number of Slice LUTs:                         88 out of   5,720    1%
    Number used as logic:                       84 out of   5,720    1%
      Number using O6 output only:              72
      Number using O5 output only:               0
      Number using O5 and O6:                   12
      Number used as ROM:                        0
    Number used as Memory:                       4 out of   1,440    1%
      Number used as Dual Port RAM:              0
      Number used as Single Port RAM:            4
        Number using O6 output only:             0
        Number using O5 output only:             0
        Number using O5 and O6:                  4
      Number used as Shift Register:             0

Slice Logic Distribution:
  Number of occupied Slices:                    36 out of   1,430    2%
  Number of MUXCYs used:                         0 out of   2,860    0%
  Number of LUT Flip Flop pairs used:           89
    Number with an unused Flip Flop:            45 out of      89   50%
    Number with an unused LUT:                   1 out of      89    1%
    Number of fully used LUT-FF pairs:          43 out of      89   48%
    Number of unique control sets:               9
    Number of slice register sites lost
      to control set restrictions:              43 out of  11,440    1%

  A LUT Flip Flop pair for this architecture represents one LUT paired with
  one Flip Flop within a slice.  A control set is a unique combination of
  clock, reset, set, and enable signals for a registered element.
  The Slice Logic Distribution report is not meaningful if the design is
  over-mapped for a non-slice resource or if Placement fails.

IO Utilization:
  Number of bonded IOBs:                        24 out of     200   12%
    Number of LOCed IOBs:                       24 out of      24  100%

Specific Feature Utilization:
  Number of RAMB16BWERs:                         0 out of      32    0%
  Number of RAMB8BWERs:                          0 out of      64    0%
  Number of BUFIO2/BUFIO2_2CLKs:                 0 out of      32    0%
  Number of BUFIO2FB/BUFIO2FB_2CLKs:             0 out of      32    0%
  Number of BUFG/BUFGMUXs:                       2 out of      16   12%
    Number used as BUFGs:                        2
    Number used as BUFGMUX:                      0
  Number of DCM/DCM_CLKGENs:                     0 out of       4    0%
  Number of ILOGIC2/ISERDES2s:                   0 out of     200    0%
  Number of IODELAY2/IODRP2/IODRP2_MCBs:         0 out of     200    0%
  Number of OLOGIC2/OSERDES2s:                   0 out of     200    0%
  Number of BSCANs:                              0 out of       4    0%
  Number of BUFHs:                               0 out of     128    0%
  Number of BUFPLLs:                             0 out of       8    0%
  Number of BUFPLL_MCBs:                         0 out of       4    0%
  Number of DSP48A1s:                            0 out of      16    0%
  Number of ICAPs:                               0 out of       1    0%
  Number of MCBs:                                0 out of       2    0%
  Number of PCILOGICSEs:                         0 out of       2    0%
  Number of PLL_ADVs:                            0 out of       2    0%
  Number of PMVs:                                0 out of       1    0%
  Number of STARTUPs:                            0 out of       1    0%
  Number of SUSPEND_SYNCs:                       0 out of       1    0%

Average Fanout of Non-Clock Nets:                3.85

Peak Memory Usage:  4554 MB
Total REAL time to MAP completion:  5 secs 
Total CPU time to MAP completion:   5 secs 

Table of Contents
-----------------
Section 1 - Errors
Section 2 - Warnings
Section 3 - Informational
Section 4 - Removed Logic Summary
Section 5 - Removed Logic
Section 6 - IOB Properties
Section 7 - RPMs
Section 8 - Guide Report
Section 9 - Area Group and Partition Summary
Section 10 - Timing Report
Section 11 - Configuration String Information
Section 12 - Control Set Information
Section 13 - Utilization by Hierarchy

Section 1 - Errors
------------------

Section 2 - Warnings
--------------------

Section 3 - Informational
-------------------------
INFO:MapLib:159 - Net Timing constraints on signal clk are pushed forward
   through input buffer.
INFO:Pack:1716 - Initializing temperature to 100.000 Celsius. (default - Range:
   -40.000 to 100.000 Celsius)
INFO:Pack:1720 - Initializing voltage to 1.140 Volts. (default - Range: 1.140 to
   1.260 Volts)
INFO:Map:215 - The Interim Design Summary has been generated in the MAP Report
   (.mrp).
INFO:Pack:1650 - Map created a placed design.

Section 4 - Removed Logic Summary
---------------------------------
   1 block(s) optimized away
   1 signal(s) removed

Section 5 - Removed Logic
-------------------------

The trimmed logic reported below is either:
   1. part of a cycle
   2. part of disabled logic
   3. a side-effect of other trimmed logic

The signal "N0" is unused and has been removed.

Optimized Block(s):
TYPE 		BLOCK
GND 		XST_GND

To enable printing of redundant blocks removed and signals merged, set the
detailed map report option and rerun map.

Section 6 - IOB Properties
--------------------------

+---------------------------------------------------------------------------------------------------------------------------------------------------------+
| IOB Name                           | Type             | Direction | IO Standard          | Diff  | Drive    | Slew | Reg (s)      | Resistor | IOB      |
|                                    |                  |           |                      | Term  | Strength | Rate |              |          | Delay    |
+---------------------------------------------------------------------------------------------------------------------------------------------------------+
| Blue<0>                            | IOB              | OUTPUT    | LVCMOS33             |       | 8        | FAST |              |          |          |
| Blue<1>                            | IOB              | OUTPUT    | LVCMOS33             |       | 8        | FAST |              |          |          |
| Green<0>                           | IOB              | OUTPUT    | LVCMOS33             |       | 8        | FAST |              |          |          |
| Green<1>                           | IOB              | OUTPUT    | LVCMOS33             |       | 8        | FAST |              |          |          |
| Green<2>                           | IOB              | OUTPUT    | LVCMOS33             |       | 8        | FAST |              |          |          |
| HSync                              | IOB              | OUTPUT    | LVCMOS33             |       | 8        | FAST |              |          |          |
| Red<0>                             | IOB              | OUTPUT    | LVCMOS33             |       | 8        | FAST |              |          |          |
| Red<1>                             | IOB              | OUTPUT    | LVCMOS33             |       | 8        | FAST |              |          |          |
| Red<2>                             | IOB              | OUTPUT    | LVCMOS33             |       | 8        | FAST |              |          |          |
| SWAddress<0>                       | IOB              | INPUT     | LVCMOS33             |       |          |      |              | PULLUP   |          |
| SWAddress<1>                       | IOB              | INPUT     | LVCMOS33             |       |          |      |              | PULLUP   |          |
| SWAddress<2>                       | IOB              | INPUT     | LVCMOS33             |       |          |      |              | PULLUP   |          |
| VSync                              | IOB              | OUTPUT    | LVCMOS33             |       | 8        | FAST |              |          |          |
| clk                                | IOB              | INPUT     | LVCMOS33             |       |          |      |              |          |          |
| dataSWColor<0>                     | IOB              | INPUT     | LVCMOS33             |       |          |      |              | PULLUP   |          |
| dataSWColor<1>                     | IOB              | INPUT     | LVCMOS33             |       |          |      |              | PULLUP   |          |
| dataSWColor<2>                     | IOB              | INPUT     | LVCMOS33             |       |          |      |              | PULLUP   |          |
| dataSWColor<3>                     | IOB              | INPUT     | LVCMOS33             |       |          |      |              | PULLUP   |          |
| dataSWColor<4>                     | IOB              | INPUT     | LVCMOS33             |       |          |      |              | PULLUP   |          |
| dataSWColor<5>                     | IOB              | INPUT     | LVCMOS33             |       |          |      |              | PULLUP   |          |
| dataSWColor<6>                     | IOB              | INPUT     | LVCMOS33             |       |          |      |              | PULLUP   |          |
| dataSWColor<7>                     | IOB              | INPUT     | LVCMOS33             |       |          |      |              | PULLUP   |          |
| memWriteSW5                        | IOB              | INPUT     | LVCMOS33             |       |          |      |              | PULLUP   |          |
| rst_n                              | IOB              | INPUT     | LVCMOS33             |       |          |      |              | PULLUP   |          |
+---------------------------------------------------------------------------------------------------------------------------------------------------------+

Section 7 - RPMs
----------------

Section 8 - Guide Report
------------------------
Guide not run on this design.

Section 9 - Area Group and Partition Summary
--------------------------------------------

Partition Implementation Status
-------------------------------

  No Partitions were found in this design.

-------------------------------

Area Group Information
----------------------

  No area groups were found in this design.

----------------------

Section 10 - Timing Report
--------------------------
A logic-level (pre-route) timing report can be generated by using Xilinx static
timing analysis tools, Timing Analyzer (GUI) or TRCE (command line), with the
mapped NCD and PCF files. Please note that this timing report will be generated
using estimated delay information. For accurate numbers, please generate a
timing report with the post Place and Route NCD file.

For more information about the Timing Analyzer, consult the Xilinx Timing
Analyzer Reference Manual; for more information about TRCE, consult the Xilinx
Command Line Tools User Guide "TRACE" chapter.

Section 11 - Configuration String Details
-----------------------------------------
Use the "-detail" map option to print out Configuration Strings

Section 12 - Control Set Information
------------------------------------
Use the "-detail" map option to print out Control Set Information.

Section 13 - Utilization by Hierarchy
-------------------------------------
Use the "-detail" map option to print out the Utilization by Hierarchy section.
