Release 14.7 - xst P.20131013 (nt64)
Copyright (c) 1995-2013 Xilinx, Inc.  All rights reserved.
--> Parameter TMPDIR set to xst/projnav.tmp


Total REAL time to Xst completion: 0.00 secs
Total CPU time to Xst completion: 0.13 secs
 
--> Parameter xsthdpdir set to xst


Total REAL time to Xst completion: 0.00 secs
Total CPU time to Xst completion: 0.13 secs
 
--> Reading design: RAM.prj

TABLE OF CONTENTS
  1) Synthesis Options Summary
  2) HDL Parsing
  3) HDL Elaboration
  4) HDL Synthesis
       4.1) HDL Synthesis Report
  5) Advanced HDL Synthesis
       5.1) Advanced HDL Synthesis Report
  6) Low Level Synthesis
  7) Partition Report
  8) Design Summary
       8.1) Primitive and Black Box Usage
       8.2) Device utilization summary
       8.3) Partition Resource Summary
       8.4) Timing Report
            8.4.1) Clock Information
            8.4.2) Asynchronous Control Signals Information
            8.4.3) Timing Summary
            8.4.4) Timing Details
            8.4.5) Cross Clock Domains Report


=========================================================================
*                      Synthesis Options Summary                        *
=========================================================================
---- Source Parameters
Input File Name                    : "RAM.prj"
Ignore Synthesis Constraint File   : NO

---- Target Parameters
Output File Name                   : "RAM"
Output Format                      : NGC
Target Device                      : xa6slx9-2-csg324

---- Source Options
Top Module Name                    : RAM
Automatic FSM Extraction           : YES
FSM Encoding Algorithm             : Auto
Safe Implementation                : No
FSM Style                          : LUT
RAM Extraction                     : Yes
RAM Style                          : Auto
ROM Extraction                     : Yes
Shift Register Extraction          : YES
ROM Style                          : Auto
Resource Sharing                   : YES
Asynchronous To Synchronous        : NO
Shift Register Minimum Size        : 2
Use DSP Block                      : Auto
Automatic Register Balancing       : No

---- Target Options
LUT Combining                      : Auto
Reduce Control Sets                : Auto
Add IO Buffers                     : YES
Global Maximum Fanout              : 100000
Add Generic Clock Buffer(BUFG)     : 16
Register Duplication               : YES
Optimize Instantiated Primitives   : NO
Use Clock Enable                   : Auto
Use Synchronous Set                : Auto
Use Synchronous Reset              : Auto
Pack IO Registers into IOBs        : Auto
Equivalent register Removal        : YES

---- General Options
Optimization Goal                  : Speed
Optimization Effort                : 1
Power Reduction                    : NO
Keep Hierarchy                     : No
Netlist Hierarchy                  : As_Optimized
RTL Output                         : Yes
Global Optimization                : AllClockNets
Read Cores                         : YES
Write Timing Constraints           : NO
Cross Clock Analysis               : NO
Hierarchy Separator                : /
Bus Delimiter                      : <>
Case Specifier                     : Maintain
Slice Utilization Ratio            : 100
BRAM Utilization Ratio             : 100
DSP48 Utilization Ratio            : 100
Auto BRAM Packing                  : NO
Slice Utilization Ratio Delta      : 5

=========================================================================


=========================================================================
*                          HDL Parsing                                  *
=========================================================================
Parsing VHDL file "C:\Users\Juanjo\Documents\FIUNA ONLINE\SD2 online\MemoriaRAM\RAM.vhd" into library work
Parsing entity <RAM>.
Parsing architecture <Behavioral> of entity <ram>.

=========================================================================
*                            HDL Elaboration                            *
=========================================================================

Elaborating entity <RAM> (architecture <Behavioral>) with generics from library <work>.

=========================================================================
*                           HDL Synthesis                               *
=========================================================================

Synthesizing Unit <RAM>.
    Related source file is "C:\Users\Juanjo\Documents\FIUNA ONLINE\SD2 online\MemoriaRAM\RAM.vhd".
        PIXEL_SIZE = 16
    Found 2048x8-bit single-port RAM <Mram_memRW> for signal <memRW>.
    Summary:
	inferred   1 RAM(s).
	inferred   1 Multiplexer(s).
Unit <RAM> synthesized.

=========================================================================
HDL Synthesis Report

Macro Statistics
# RAMs                                                 : 1
 2048x8-bit single-port RAM                            : 1
# Multiplexers                                         : 1
 8-bit 2-to-1 multiplexer                              : 1

=========================================================================

=========================================================================
*                       Advanced HDL Synthesis                          *
=========================================================================


Synthesizing (advanced) Unit <RAM>.
INFO:Xst:3218 - HDL ADVISOR - The RAM <Mram_memRW> will be implemented on LUTs either because you have described an asynchronous read or because of currently unsupported block RAM features. If you have described an asynchronous read, making it synchronous would allow you to take advantage of available block RAM resources, for optimized device usage and improved timings. Please refer to your documentation for coding guidelines.
    -----------------------------------------------------------------------
    | ram_type           | Distributed                         |          |
    -----------------------------------------------------------------------
    | Port A                                                              |
    |     aspect ratio   | 2048-word x 8-bit                   |          |
    |     clkA           | connected to signal <clk>           | rise     |
    |     weA            | connected to signal <memWrite>      | high     |
    |     addrA          | connected to signal <address>       |          |
    |     diA            | connected to signal <dataIn>        |          |
    |     doA            | connected to internal node          |          |
    -----------------------------------------------------------------------
Unit <RAM> synthesized (advanced).

=========================================================================
Advanced HDL Synthesis Report

Macro Statistics
# RAMs                                                 : 1
 2048x8-bit single-port distributed RAM                : 1
# Multiplexers                                         : 1
 8-bit 2-to-1 multiplexer                              : 1

=========================================================================

=========================================================================
*                         Low Level Synthesis                           *
=========================================================================

Optimizing unit <RAM> ...

Mapping all equations...
Building and optimizing final netlist ...
Found area constraint ratio of 100 (+ 5) on block RAM, actual ratio is 1.

Final Macro Processing ...

=========================================================================
Final Register Report

Found no macro
=========================================================================

=========================================================================
*                           Partition Report                            *
=========================================================================

Partition Implementation Status
-------------------------------

  No Partitions were found in this design.

-------------------------------

=========================================================================
*                            Design Summary                             *
=========================================================================

Top Level Output File Name         : RAM.ngc

Primitive and Black Box Usage:
------------------------------
# BELS                             : 40
#      LUT2                        : 8
#      LUT4                        : 8
#      LUT6                        : 16
#      MUXF7                       : 8
# RAMS                             : 64
#      RAM256X1S                   : 64
# Clock Buffers                    : 1
#      BUFGP                       : 1
# IO Buffers                       : 29
#      IBUF                        : 21
#      OBUF                        : 8

Device utilization summary:
---------------------------

Selected Device : xa6slx9csg324-2 


Slice Logic Utilization: 
 Number of Slice LUTs:                  288  out of   5720     5%  
    Number used as Logic:                32  out of   5720     0%  
    Number used as Memory:              256  out of   1440    17%  
       Number used as RAM:              256

Slice Logic Distribution: 
 Number of LUT Flip Flop pairs used:    288
   Number with an unused Flip Flop:     288  out of    288   100%  
   Number with an unused LUT:             0  out of    288     0%  
   Number of fully used LUT-FF pairs:     0  out of    288     0%  
   Number of unique control sets:         0

IO Utilization: 
 Number of IOs:                          30
 Number of bonded IOBs:                  30  out of    200    15%  

Specific Feature Utilization:
 Number of BUFG/BUFGCTRLs:                1  out of     16     6%  

---------------------------
Partition Resource Summary:
---------------------------

  No Partitions were found in this design.

---------------------------


=========================================================================
Timing Report

NOTE: THESE TIMING NUMBERS ARE ONLY A SYNTHESIS ESTIMATE.
      FOR ACCURATE TIMING INFORMATION PLEASE REFER TO THE TRACE REPORT
      GENERATED AFTER PLACE-and-ROUTE.

Clock Information:
------------------
-----------------------------------+------------------------+-------+
Clock Signal                       | Clock buffer(FF name)  | Load  |
-----------------------------------+------------------------+-------+
clk                                | BUFGP                  | 64    |
-----------------------------------+------------------------+-------+

Asynchronous Control Signals Information:
----------------------------------------
No asynchronous control signals found in this design

Timing Summary:
---------------
Speed Grade: -2

   Minimum period: No path found
   Minimum input arrival time before clock: 4.181ns
   Maximum output required time after clock: No path found
   Maximum combinational path delay: 8.121ns

Timing Details:
---------------
All values displayed in nanoseconds (ns)

=========================================================================
Timing constraint: Default OFFSET IN BEFORE for Clock 'clk'
  Total number of paths / destination ports: 832 / 640
-------------------------------------------------------------------------
Offset:              4.181ns (Levels of Logic = 2)
  Source:            address<8> (PAD)
  Destination:       Mram_memRW2 (RAM)
  Destination Clock: clk rising

  Data Path: address<8> to Mram_memRW2
                                Gate     Net
    Cell:in->out      fanout   Delay   Delay  Logical Name (Net Name)
    ----------------------------------------  ------------
     IBUF:I->O            24   1.328   1.656  address_8_IBUF (address_8_IBUF)
     LUT4:I0->O            8   0.254   0.943  write_ctrl1 (write_ctrl1)
     RAM256X1S:WE              0.000          Mram_memRW2
    ----------------------------------------
    Total                      4.181ns (1.582ns logic, 2.599ns route)
                                       (37.8% logic, 62.2% route)

=========================================================================
Timing constraint: Default path analysis
  Total number of paths / destination ports: 48 / 8
-------------------------------------------------------------------------
Delay:               8.121ns (Levels of Logic = 5)
  Source:            address<9> (PAD)
  Destination:       dataOut<7> (PAD)

  Data Path: address<9> to dataOut<7>
                                Gate     Net
    Cell:in->out      fanout   Delay   Delay  Logical Name (Net Name)
    ----------------------------------------  ------------
     IBUF:I->O            24   1.328   1.835  address_9_IBUF (address_9_IBUF)
     LUT6:I0->O            1   0.254   0.000  inst_LPM_MUX_3 (inst_LPM_MUX_3)
     MUXF7:I1->O           1   0.175   0.682  inst_LPM_MUX_2_f7 (_n0010<0>)
     LUT2:I1->O            1   0.254   0.681  Mmux_dataOut11 (dataOut_0_OBUF)
     OBUF:I->O                 2.912          dataOut_0_OBUF (dataOut<0>)
    ----------------------------------------
    Total                      8.121ns (4.923ns logic, 3.198ns route)
                                       (60.6% logic, 39.4% route)

=========================================================================

Cross Clock Domains Report:
--------------------------

=========================================================================


Total REAL time to Xst completion: 5.00 secs
Total CPU time to Xst completion: 5.05 secs
 
--> 

Total memory usage is 4486056 kilobytes

Number of errors   :    0 (   0 filtered)
Number of warnings :    0 (   0 filtered)
Number of infos    :    1 (   0 filtered)

